{"contracts/AuctionV3.sol":{"l":{"85":51,"86":51,"87":51,"91":2,"95":1,"99":34,"100":34,"101":17,"102":17,"104":34,"105":34,"112":2,"113":2,"114":1,"115":1,"117":1,"118":1,"120":2,"128":5,"129":2,"131":3,"140":7,"144":3,"146":3,"148":3,"150":3,"152":3,"153":3,"155":3,"157":3,"158":2,"161":3,"162":2,"165":3,"169":3,"170":3,"172":3,"176":2,"177":2,"178":2,"182":3,"183":2,"185":1,"189":52,"190":46,"192":6,"196":52,"197":46,"199":6,"208":51,"220":19,"221":18,"222":17,"224":16,"225":16,"227":15,"229":14,"231":14,"232":14,"234":14,"236":14,"237":14,"238":14,"239":14,"240":14,"241":14,"242":14,"243":14,"245":14,"247":14,"249":14,"259":33,"260":33,"261":32,"262":31,"267":29,"268":29,"269":29,"273":23,"275":22,"277":21,"282":20,"284":20,"286":20,"287":20,"288":20,"289":20,"290":20,"291":20,"292":20,"293":20,"294":20,"295":20,"297":20,"298":7,"300":13,"303":18,"305":18,"306":18,"308":18,"310":18,"312":18,"314":18,"316":18,"320":12,"321":12,"322":12,"323":11,"324":10,"328":8,"332":7,"337":6,"339":6,"340":2,"342":4,"349":5,"351":5,"352":5,"354":5,"355":5,"356":5,"357":5,"359":5,"361":5,"363":5,"365":5,"367":5,"371":5,"373":4,"375":3,"376":3,"378":2,"380":2,"382":2,"383":2,"387":8,"389":8,"390":7,"392":5,"393":5,"394":5,"396":5,"400":4,"406":4,"407":4,"409":4,"410":4,"411":1,"413":3,"420":4,"422":4,"426":8,"427":8,"429":8,"430":5,"432":4,"433":4,"434":4,"440":3,"442":2,"444":2,"448":9,"449":9,"450":9,"451":8,"452":8,"453":7,"455":6,"456":6,"457":6,"462":5,"464":3,"466":3,"467":3,"469":3,"475":10,"476":10,"477":10,"478":8,"479":8,"480":6,"482":5,"483":5,"484":5,"489":4,"491":3,"493":3,"495":3,"499":4,"500":3,"501":3,"502":1,"503":1,"505":2,"506":2},"path":"/home/sotatek/projects/3nft-smartcontract/contracts/AuctionV3.sol","s":{"1":51,"2":51,"3":51,"4":2,"5":1,"6":34,"7":34,"8":17,"9":17,"10":34,"11":34,"12":2,"13":2,"14":1,"15":1,"16":1,"17":1,"18":2,"19":5,"20":2,"21":3,"22":7,"23":3,"24":3,"25":3,"26":3,"27":3,"28":3,"29":3,"30":3,"31":2,"32":3,"33":2,"34":3,"35":3,"36":3,"37":3,"38":2,"39":2,"40":2,"41":3,"42":2,"43":1,"44":52,"45":46,"46":6,"47":52,"48":46,"49":6,"50":51,"51":19,"52":18,"53":17,"54":16,"55":16,"56":15,"57":14,"58":14,"59":14,"60":14,"61":14,"62":14,"63":14,"64":14,"65":14,"66":14,"67":14,"68":14,"69":14,"70":14,"71":14,"72":33,"73":33,"74":32,"75":31,"76":29,"77":29,"78":29,"79":23,"80":22,"81":21,"82":20,"83":20,"84":20,"85":20,"86":20,"87":20,"88":20,"89":20,"90":20,"91":20,"92":20,"93":20,"94":20,"95":7,"96":13,"97":18,"98":18,"99":18,"100":18,"101":18,"102":18,"103":18,"104":12,"105":12,"106":12,"107":11,"108":10,"109":8,"110":7,"111":6,"112":6,"113":2,"114":4,"115":5,"116":5,"117":5,"118":5,"119":5,"120":5,"121":5,"122":5,"123":5,"124":5,"125":5,"126":5,"127":4,"128":3,"129":3,"130":2,"131":2,"132":2,"133":2,"134":8,"135":8,"136":7,"137":5,"138":5,"139":5,"140":5,"141":4,"142":4,"143":4,"144":4,"145":4,"146":1,"147":3,"148":4,"149":4,"150":8,"151":8,"152":8,"153":5,"154":4,"155":4,"156":4,"157":3,"158":2,"159":2,"160":9,"161":9,"162":9,"163":8,"164":8,"165":7,"166":6,"167":6,"168":6,"169":5,"170":3,"171":3,"172":3,"173":3,"174":10,"175":10,"176":10,"177":8,"178":8,"179":6,"180":5,"181":5,"182":5,"183":4,"184":3,"185":3,"186":3,"187":4,"188":3,"189":3,"190":1,"191":1,"192":2,"193":2},"b":{"1":[17,17],"2":[1,1],"3":[2,3],"4":[2,1],"5":[2,1],"6":[18,1],"7":[17,1],"8":[16,1],"9":[15,1],"10":[14,1],"11":[32,1],"12":[31,1],"13":[29,2],"14":[23,6],"15":[22,1],"16":[21,1],"17":[20,1],"18":[7,13],"19":[5,2],"20":[11,1],"21":[10,1],"22":[8,2],"23":[7,1],"24":[6,1],"25":[2,4],"26":[1,1],"27":[4,1],"28":[3,1],"29":[2,1],"30":[7,1],"31":[5,2],"32":[4,1],"33":[3,1],"34":[1,3],"35":[5,3],"36":[4,1],"37":[3,1],"38":[2,1],"39":[8,1],"40":[7,1],"41":[6,1],"42":[5,1],"43":[3,2],"44":[8,2],"45":[6,2],"46":[5,1],"47":[4,1],"48":[3,1],"49":[3,1],"50":[1,2]},"f":{"1":51,"2":2,"3":1,"4":34,"5":2,"6":5,"7":7,"8":3,"9":3,"10":2,"11":3,"12":52,"13":52,"14":51,"15":19,"16":33,"17":12,"18":5,"19":8,"20":8,"21":9,"22":10,"23":4},"fnMap":{"1":{"name":"initialize","line":84,"loc":{"start":{"line":84,"column":1},"end":{"line":88,"column":1}}},"2":{"name":"pause","line":90,"loc":{"start":{"line":90,"column":1},"end":{"line":92,"column":1}}},"3":{"name":"unPause","line":94,"loc":{"start":{"line":94,"column":1},"end":{"line":96,"column":1}}},"4":{"name":"setPaymentMethod","line":98,"loc":{"start":{"line":98,"column":1},"end":{"line":106,"column":1}}},"5":{"name":"withdrawFunds","line":111,"loc":{"start":{"line":111,"column":1},"end":{"line":121,"column":1}}},"6":{"name":"_paid","line":123,"loc":{"start":{"line":123,"column":1},"end":{"line":133,"column":1}}},"7":{"name":"_transferAfterAuction","line":135,"loc":{"start":{"line":135,"column":1},"end":{"line":141,"column":1}}},"8":{"name":"_payBidAuction","line":143,"loc":{"start":{"line":143,"column":1},"end":{"line":166,"column":1}}},"9":{"name":"_transferBidAuction","line":168,"loc":{"start":{"line":168,"column":1},"end":{"line":173,"column":1}}},"10":{"name":"_returnBidAuction","line":175,"loc":{"start":{"line":175,"column":1},"end":{"line":179,"column":1}}},"11":{"name":"_getCreator","line":181,"loc":{"start":{"line":181,"column":1},"end":{"line":186,"column":1}}},"12":{"name":"_getXUserFee","line":188,"loc":{"start":{"line":188,"column":1},"end":{"line":193,"column":1}}},"13":{"name":"_getLoyaltyFee","line":195,"loc":{"start":{"line":195,"column":1},"end":{"line":200,"column":1}}},"14":{"name":"initialize","line":207,"loc":{"start":{"line":207,"column":1},"end":{"line":209,"column":1}}},"15":{"name":"createAuction","line":219,"loc":{"start":{"line":211,"column":1},"end":{"line":250,"column":1}}},"16":{"name":"bidAuction","line":258,"loc":{"start":{"line":252,"column":1},"end":{"line":317,"column":1}}},"17":{"name":"editBidAuction","line":319,"loc":{"start":{"line":319,"column":1},"end":{"line":368,"column":1}}},"18":{"name":"cancelAuction","line":370,"loc":{"start":{"line":370,"column":1},"end":{"line":384,"column":1}}},"19":{"name":"cancelBidAuction","line":386,"loc":{"start":{"line":386,"column":1},"end":{"line":423,"column":1}}},"20":{"name":"reclaimAuction","line":425,"loc":{"start":{"line":425,"column":1},"end":{"line":445,"column":1}}},"21":{"name":"acceptBidAuction","line":447,"loc":{"start":{"line":447,"column":1},"end":{"line":470,"column":1}}},"22":{"name":"claimWinnerAuction","line":474,"loc":{"start":{"line":474,"column":1},"end":{"line":496,"column":1}}},"23":{"name":"withdrawSystemFee","line":498,"loc":{"start":{"line":498,"column":1},"end":{"line":508,"column":1}}}},"statementMap":{"1":{"start":{"line":85,"column":2},"end":{"line":85,"column":36}},"2":{"start":{"line":86,"column":2},"end":{"line":86,"column":38}},"3":{"start":{"line":87,"column":2},"end":{"line":87,"column":46}},"4":{"start":{"line":91,"column":2},"end":{"line":91,"column":9}},"5":{"start":{"line":95,"column":2},"end":{"line":95,"column":11}},"6":{"start":{"line":99,"column":2},"end":{"line":99,"column":32}},"7":{"start":{"line":100,"column":2},"end":{"line":100,"column":3343}},"8":{"start":{"line":101,"column":3},"end":{"line":101,"column":65}},"9":{"start":{"line":102,"column":3},"end":{"line":102,"column":68}},"10":{"start":{"line":104,"column":2},"end":{"line":104,"column":44}},"11":{"start":{"line":105,"column":2},"end":{"line":105,"column":13}},"12":{"start":{"line":112,"column":2},"end":{"line":112,"column":25}},"13":{"start":{"line":113,"column":2},"end":{"line":113,"column":3753}},"14":{"start":{"line":114,"column":3},"end":{"line":114,"column":46}},"15":{"start":{"line":115,"column":3},"end":{"line":115,"column":41}},"16":{"start":{"line":117,"column":3},"end":{"line":117,"column":77}},"17":{"start":{"line":118,"column":3},"end":{"line":118,"column":78}},"18":{"start":{"line":120,"column":2},"end":{"line":120,"column":54}},"19":{"start":{"line":128,"column":2},"end":{"line":128,"column":4201}},"20":{"start":{"line":129,"column":3},"end":{"line":129,"column":33}},"21":{"start":{"line":131,"column":3},"end":{"line":131,"column":54}},"22":{"start":{"line":140,"column":2},"end":{"line":140,"column":88}},"23":{"start":{"line":144,"column":2},"end":{"line":144,"column":59}},"24":{"start":{"line":146,"column":2},"end":{"line":146,"column":93}},"25":{"start":{"line":148,"column":2},"end":{"line":148,"column":82}},"26":{"start":{"line":150,"column":2},"end":{"line":150,"column":81}},"27":{"start":{"line":152,"column":2},"end":{"line":152,"column":49}},"28":{"start":{"line":153,"column":2},"end":{"line":153,"column":41}},"29":{"start":{"line":155,"column":2},"end":{"line":155,"column":36}},"30":{"start":{"line":157,"column":2},"end":{"line":157,"column":5071}},"31":{"start":{"line":158,"column":3},"end":{"line":158,"column":81}},"32":{"start":{"line":161,"column":2},"end":{"line":161,"column":5203}},"33":{"start":{"line":162,"column":3},"end":{"line":162,"column":73}},"34":{"start":{"line":165,"column":2},"end":{"line":165,"column":75}},"35":{"start":{"line":169,"column":2},"end":{"line":169,"column":60}},"36":{"start":{"line":170,"column":2},"end":{"line":170,"column":68}},"37":{"start":{"line":172,"column":2},"end":{"line":172,"column":86}},"38":{"start":{"line":176,"column":2},"end":{"line":176,"column":54}},"39":{"start":{"line":177,"column":2},"end":{"line":177,"column":76}},"40":{"start":{"line":178,"column":2},"end":{"line":178,"column":97}},"41":{"start":{"line":182,"column":2},"end":{"line":182,"column":6110}},"42":{"start":{"line":183,"column":3},"end":{"line":183,"column":18}},"43":{"start":{"line":185,"column":2},"end":{"line":185,"column":19}},"44":{"start":{"line":189,"column":2},"end":{"line":189,"column":6347}},"45":{"start":{"line":190,"column":3},"end":{"line":190,"column":19}},"46":{"start":{"line":192,"column":2},"end":{"line":192,"column":10}},"47":{"start":{"line":196,"column":2},"end":{"line":196,"column":6580}},"48":{"start":{"line":197,"column":3},"end":{"line":197,"column":21}},"49":{"start":{"line":199,"column":2},"end":{"line":199,"column":10}},"50":{"start":{"line":208,"column":2},"end":{"line":208,"column":28}},"51":{"start":{"line":220,"column":2},"end":{"line":220,"column":61}},"52":{"start":{"line":221,"column":2},"end":{"line":221,"column":55}},"53":{"start":{"line":222,"column":2},"end":{"line":222,"column":48}},"54":{"start":{"line":224,"column":2},"end":{"line":224,"column":91}},"55":{"start":{"line":225,"column":2},"end":{"line":225,"column":42}},"56":{"start":{"line":227,"column":2},"end":{"line":227,"column":88}},"57":{"start":{"line":229,"column":2},"end":{"line":229,"column":27}},"58":{"start":{"line":231,"column":2},"end":{"line":231,"column":47}},"59":{"start":{"line":232,"column":2},"end":{"line":232,"column":88}},"60":{"start":{"line":234,"column":2},"end":{"line":234,"column":51}},"61":{"start":{"line":236,"column":2},"end":{"line":236,"column":30}},"62":{"start":{"line":237,"column":2},"end":{"line":237,"column":40}},"63":{"start":{"line":238,"column":2},"end":{"line":238,"column":40}},"64":{"start":{"line":239,"column":2},"end":{"line":239,"column":30}},"65":{"start":{"line":240,"column":2},"end":{"line":240,"column":36}},"66":{"start":{"line":241,"column":2},"end":{"line":241,"column":40}},"67":{"start":{"line":242,"column":2},"end":{"line":242,"column":34}},"68":{"start":{"line":243,"column":2},"end":{"line":243,"column":30}},"69":{"start":{"line":245,"column":2},"end":{"line":245,"column":19}},"70":{"start":{"line":247,"column":2},"end":{"line":247,"column":58}},"71":{"start":{"line":249,"column":2},"end":{"line":249,"column":19}},"72":{"start":{"line":259,"column":2},"end":{"line":259,"column":55}},"73":{"start":{"line":260,"column":2},"end":{"line":260,"column":82}},"74":{"start":{"line":261,"column":2},"end":{"line":261,"column":65}},"75":{"start":{"line":262,"column":2},"end":{"line":262,"column":8650}},"76":{"start":{"line":267,"column":2},"end":{"line":267,"column":62}},"77":{"start":{"line":268,"column":2},"end":{"line":268,"column":61}},"78":{"start":{"line":269,"column":2},"end":{"line":269,"column":8912}},"79":{"start":{"line":273,"column":2},"end":{"line":273,"column":67}},"80":{"start":{"line":275,"column":2},"end":{"line":275,"column":73}},"81":{"start":{"line":277,"column":2},"end":{"line":277,"column":9203}},"82":{"start":{"line":282,"column":2},"end":{"line":282,"column":33}},"83":{"start":{"line":284,"column":2},"end":{"line":284,"column":47}},"84":{"start":{"line":286,"column":2},"end":{"line":286,"column":33}},"85":{"start":{"line":287,"column":2},"end":{"line":287,"column":34}},"86":{"start":{"line":288,"column":2},"end":{"line":288,"column":32}},"87":{"start":{"line":289,"column":2},"end":{"line":289,"column":33}},"88":{"start":{"line":290,"column":2},"end":{"line":290,"column":37}},"89":{"start":{"line":291,"column":2},"end":{"line":291,"column":43}},"90":{"start":{"line":292,"column":2},"end":{"line":292,"column":28}},"91":{"start":{"line":293,"column":2},"end":{"line":293,"column":38}},"92":{"start":{"line":294,"column":2},"end":{"line":294,"column":37}},"93":{"start":{"line":295,"column":2},"end":{"line":295,"column":43}},"94":{"start":{"line":297,"column":2},"end":{"line":297,"column":9834}},"95":{"start":{"line":298,"column":3},"end":{"line":298,"column":48}},"96":{"start":{"line":300,"column":3},"end":{"line":300,"column":109}},"97":{"start":{"line":303,"column":2},"end":{"line":303,"column":42}},"98":{"start":{"line":305,"column":2},"end":{"line":305,"column":46}},"99":{"start":{"line":306,"column":2},"end":{"line":306,"column":33}},"100":{"start":{"line":308,"column":2},"end":{"line":308,"column":45}},"101":{"start":{"line":310,"column":2},"end":{"line":310,"column":48}},"102":{"start":{"line":314,"column":2},"end":{"line":314,"column":87}},"103":{"start":{"line":316,"column":2},"end":{"line":316,"column":22}},"104":{"start":{"line":320,"column":2},"end":{"line":320,"column":67}},"105":{"start":{"line":321,"column":2},"end":{"line":321,"column":72}},"106":{"start":{"line":322,"column":2},"end":{"line":322,"column":73}},"107":{"start":{"line":323,"column":2},"end":{"line":323,"column":73}},"108":{"start":{"line":324,"column":2},"end":{"line":324,"column":10834}},"109":{"start":{"line":328,"column":2},"end":{"line":328,"column":51}},"110":{"start":{"line":332,"column":2},"end":{"line":332,"column":11181}},"111":{"start":{"line":337,"column":2},"end":{"line":337,"column":50}},"112":{"start":{"line":339,"column":2},"end":{"line":339,"column":11371}},"113":{"start":{"line":340,"column":3},"end":{"line":340,"column":77}},"114":{"start":{"line":342,"column":3},"end":{"line":342,"column":11518}},"115":{"start":{"line":349,"column":2},"end":{"line":349,"column":88}},"116":{"start":{"line":351,"column":2},"end":{"line":351,"column":33}},"117":{"start":{"line":352,"column":2},"end":{"line":352,"column":41}},"118":{"start":{"line":354,"column":2},"end":{"line":354,"column":50}},"119":{"start":{"line":355,"column":2},"end":{"line":355,"column":44}},"120":{"start":{"line":356,"column":2},"end":{"line":356,"column":48}},"121":{"start":{"line":357,"column":2},"end":{"line":357,"column":33}},"122":{"start":{"line":359,"column":2},"end":{"line":359,"column":48}},"123":{"start":{"line":361,"column":2},"end":{"line":361,"column":68}},"124":{"start":{"line":365,"column":2},"end":{"line":365,"column":63}},"125":{"start":{"line":367,"column":2},"end":{"line":367,"column":22}},"126":{"start":{"line":371,"column":2},"end":{"line":371,"column":77}},"127":{"start":{"line":373,"column":2},"end":{"line":373,"column":71}},"128":{"start":{"line":375,"column":2},"end":{"line":375,"column":55}},"129":{"start":{"line":376,"column":2},"end":{"line":376,"column":98}},"130":{"start":{"line":378,"column":2},"end":{"line":378,"column":76}},"131":{"start":{"line":380,"column":2},"end":{"line":380,"column":87}},"132":{"start":{"line":382,"column":2},"end":{"line":382,"column":34}},"133":{"start":{"line":383,"column":2},"end":{"line":383,"column":19}},"134":{"start":{"line":387,"column":2},"end":{"line":387,"column":60}},"135":{"start":{"line":389,"column":2},"end":{"line":389,"column":41}},"136":{"start":{"line":390,"column":2},"end":{"line":390,"column":66}},"137":{"start":{"line":392,"column":2},"end":{"line":392,"column":80}},"138":{"start":{"line":393,"column":2},"end":{"line":393,"column":90}},"139":{"start":{"line":394,"column":2},"end":{"line":394,"column":89}},"140":{"start":{"line":396,"column":2},"end":{"line":396,"column":13458}},"141":{"start":{"line":400,"column":3},"end":{"line":400,"column":13599}},"142":{"start":{"line":406,"column":2},"end":{"line":406,"column":58}},"143":{"start":{"line":407,"column":2},"end":{"line":407,"column":65}},"144":{"start":{"line":409,"column":2},"end":{"line":409,"column":26}},"145":{"start":{"line":410,"column":2},"end":{"line":410,"column":13903}},"146":{"start":{"line":411,"column":3},"end":{"line":411,"column":59}},"147":{"start":{"line":413,"column":3},"end":{"line":413,"column":14025}},"148":{"start":{"line":420,"column":2},"end":{"line":420,"column":40}},"149":{"start":{"line":422,"column":2},"end":{"line":422,"column":22}},"150":{"start":{"line":426,"column":2},"end":{"line":426,"column":54}},"151":{"start":{"line":427,"column":2},"end":{"line":427,"column":56}},"152":{"start":{"line":429,"column":2},"end":{"line":429,"column":69}},"153":{"start":{"line":430,"column":2},"end":{"line":430,"column":65}},"154":{"start":{"line":432,"column":2},"end":{"line":432,"column":90}},"155":{"start":{"line":433,"column":2},"end":{"line":433,"column":89}},"156":{"start":{"line":434,"column":2},"end":{"line":434,"column":14744}},"157":{"start":{"line":440,"column":2},"end":{"line":440,"column":98}},"158":{"start":{"line":442,"column":2},"end":{"line":442,"column":30}},"159":{"start":{"line":444,"column":2},"end":{"line":444,"column":35}},"160":{"start":{"line":448,"column":2},"end":{"line":448,"column":60}},"161":{"start":{"line":449,"column":2},"end":{"line":449,"column":64}},"162":{"start":{"line":450,"column":2},"end":{"line":450,"column":69}},"163":{"start":{"line":451,"column":2},"end":{"line":451,"column":66}},"164":{"start":{"line":452,"column":2},"end":{"line":452,"column":58}},"165":{"start":{"line":453,"column":2},"end":{"line":453,"column":65}},"166":{"start":{"line":455,"column":2},"end":{"line":455,"column":90}},"167":{"start":{"line":456,"column":2},"end":{"line":456,"column":89}},"168":{"start":{"line":457,"column":2},"end":{"line":457,"column":15801}},"169":{"start":{"line":462,"column":2},"end":{"line":462,"column":53}},"170":{"start":{"line":464,"column":2},"end":{"line":464,"column":30}},"171":{"start":{"line":466,"column":2},"end":{"line":466,"column":65}},"172":{"start":{"line":467,"column":2},"end":{"line":467,"column":34}},"173":{"start":{"line":469,"column":2},"end":{"line":469,"column":40}},"174":{"start":{"line":475,"column":2},"end":{"line":475,"column":60}},"175":{"start":{"line":476,"column":2},"end":{"line":476,"column":64}},"176":{"start":{"line":477,"column":2},"end":{"line":477,"column":69}},"177":{"start":{"line":478,"column":2},"end":{"line":478,"column":66}},"178":{"start":{"line":479,"column":2},"end":{"line":479,"column":58}},"179":{"start":{"line":480,"column":2},"end":{"line":480,"column":70}},"180":{"start":{"line":482,"column":2},"end":{"line":482,"column":90}},"181":{"start":{"line":483,"column":2},"end":{"line":483,"column":89}},"182":{"start":{"line":484,"column":2},"end":{"line":484,"column":17008}},"183":{"start":{"line":489,"column":2},"end":{"line":489,"column":51}},"184":{"start":{"line":491,"column":2},"end":{"line":491,"column":35}},"185":{"start":{"line":493,"column":2},"end":{"line":493,"column":33}},"186":{"start":{"line":495,"column":2},"end":{"line":495,"column":39}},"187":{"start":{"line":499,"column":2},"end":{"line":499,"column":53}},"188":{"start":{"line":500,"column":2},"end":{"line":500,"column":19}},"189":{"start":{"line":501,"column":2},"end":{"line":501,"column":17576}},"190":{"start":{"line":502,"column":3},"end":{"line":502,"column":62}},"191":{"start":{"line":503,"column":3},"end":{"line":503,"column":42}},"192":{"start":{"line":505,"column":3},"end":{"line":505,"column":91}},"193":{"start":{"line":506,"column":3},"end":{"line":506,"column":63}}},"branchMap":{"1":{"line":100,"type":"if","locations":[{"start":{"line":100,"column":2},"end":{"line":100,"column":2}},{"start":{"line":100,"column":2},"end":{"line":100,"column":2}}]},"2":{"line":113,"type":"if","locations":[{"start":{"line":113,"column":2},"end":{"line":113,"column":2}},{"start":{"line":113,"column":2},"end":{"line":113,"column":2}}]},"3":{"line":128,"type":"if","locations":[{"start":{"line":128,"column":2},"end":{"line":128,"column":2}},{"start":{"line":128,"column":2},"end":{"line":128,"column":2}}]},"4":{"line":157,"type":"if","locations":[{"start":{"line":157,"column":2},"end":{"line":157,"column":2}},{"start":{"line":157,"column":2},"end":{"line":157,"column":2}}]},"5":{"line":161,"type":"if","locations":[{"start":{"line":161,"column":2},"end":{"line":161,"column":2}},{"start":{"line":161,"column":2},"end":{"line":161,"column":2}}]},"6":{"line":220,"type":"if","locations":[{"start":{"line":220,"column":2},"end":{"line":220,"column":2}},{"start":{"line":220,"column":2},"end":{"line":220,"column":2}}]},"7":{"line":221,"type":"if","locations":[{"start":{"line":221,"column":2},"end":{"line":221,"column":2}},{"start":{"line":221,"column":2},"end":{"line":221,"column":2}}]},"8":{"line":222,"type":"if","locations":[{"start":{"line":222,"column":2},"end":{"line":222,"column":2}},{"start":{"line":222,"column":2},"end":{"line":222,"column":2}}]},"9":{"line":225,"type":"if","locations":[{"start":{"line":225,"column":2},"end":{"line":225,"column":2}},{"start":{"line":225,"column":2},"end":{"line":225,"column":2}}]},"10":{"line":227,"type":"if","locations":[{"start":{"line":227,"column":2},"end":{"line":227,"column":2}},{"start":{"line":227,"column":2},"end":{"line":227,"column":2}}]},"11":{"line":260,"type":"if","locations":[{"start":{"line":260,"column":2},"end":{"line":260,"column":2}},{"start":{"line":260,"column":2},"end":{"line":260,"column":2}}]},"12":{"line":261,"type":"if","locations":[{"start":{"line":261,"column":2},"end":{"line":261,"column":2}},{"start":{"line":261,"column":2},"end":{"line":261,"column":2}}]},"13":{"line":262,"type":"if","locations":[{"start":{"line":262,"column":2},"end":{"line":262,"column":2}},{"start":{"line":262,"column":2},"end":{"line":262,"column":2}}]},"14":{"line":269,"type":"if","locations":[{"start":{"line":269,"column":2},"end":{"line":269,"column":2}},{"start":{"line":269,"column":2},"end":{"line":269,"column":2}}]},"15":{"line":273,"type":"if","locations":[{"start":{"line":273,"column":2},"end":{"line":273,"column":2}},{"start":{"line":273,"column":2},"end":{"line":273,"column":2}}]},"16":{"line":275,"type":"if","locations":[{"start":{"line":275,"column":2},"end":{"line":275,"column":2}},{"start":{"line":275,"column":2},"end":{"line":275,"column":2}}]},"17":{"line":277,"type":"if","locations":[{"start":{"line":277,"column":2},"end":{"line":277,"column":2}},{"start":{"line":277,"column":2},"end":{"line":277,"column":2}}]},"18":{"line":297,"type":"if","locations":[{"start":{"line":297,"column":2},"end":{"line":297,"column":2}},{"start":{"line":297,"column":2},"end":{"line":297,"column":2}}]},"19":{"line":298,"type":"if","locations":[{"start":{"line":298,"column":3},"end":{"line":298,"column":3}},{"start":{"line":298,"column":3},"end":{"line":298,"column":3}}]},"20":{"line":322,"type":"if","locations":[{"start":{"line":322,"column":2},"end":{"line":322,"column":2}},{"start":{"line":322,"column":2},"end":{"line":322,"column":2}}]},"21":{"line":323,"type":"if","locations":[{"start":{"line":323,"column":2},"end":{"line":323,"column":2}},{"start":{"line":323,"column":2},"end":{"line":323,"column":2}}]},"22":{"line":324,"type":"if","locations":[{"start":{"line":324,"column":2},"end":{"line":324,"column":2}},{"start":{"line":324,"column":2},"end":{"line":324,"column":2}}]},"23":{"line":328,"type":"if","locations":[{"start":{"line":328,"column":2},"end":{"line":328,"column":2}},{"start":{"line":328,"column":2},"end":{"line":328,"column":2}}]},"24":{"line":332,"type":"if","locations":[{"start":{"line":332,"column":2},"end":{"line":332,"column":2}},{"start":{"line":332,"column":2},"end":{"line":332,"column":2}}]},"25":{"line":339,"type":"if","locations":[{"start":{"line":339,"column":2},"end":{"line":339,"column":2}},{"start":{"line":339,"column":2},"end":{"line":339,"column":2}}]},"26":{"line":340,"type":"if","locations":[{"start":{"line":340,"column":3},"end":{"line":340,"column":3}},{"start":{"line":340,"column":3},"end":{"line":340,"column":3}}]},"27":{"line":371,"type":"if","locations":[{"start":{"line":371,"column":2},"end":{"line":371,"column":2}},{"start":{"line":371,"column":2},"end":{"line":371,"column":2}}]},"28":{"line":373,"type":"if","locations":[{"start":{"line":373,"column":2},"end":{"line":373,"column":2}},{"start":{"line":373,"column":2},"end":{"line":373,"column":2}}]},"29":{"line":376,"type":"if","locations":[{"start":{"line":376,"column":2},"end":{"line":376,"column":2}},{"start":{"line":376,"column":2},"end":{"line":376,"column":2}}]},"30":{"line":389,"type":"if","locations":[{"start":{"line":389,"column":2},"end":{"line":389,"column":2}},{"start":{"line":389,"column":2},"end":{"line":389,"column":2}}]},"31":{"line":390,"type":"if","locations":[{"start":{"line":390,"column":2},"end":{"line":390,"column":2}},{"start":{"line":390,"column":2},"end":{"line":390,"column":2}}]},"32":{"line":396,"type":"if","locations":[{"start":{"line":396,"column":2},"end":{"line":396,"column":2}},{"start":{"line":396,"column":2},"end":{"line":396,"column":2}}]},"33":{"line":400,"type":"if","locations":[{"start":{"line":400,"column":3},"end":{"line":400,"column":3}},{"start":{"line":400,"column":3},"end":{"line":400,"column":3}}]},"34":{"line":410,"type":"if","locations":[{"start":{"line":410,"column":2},"end":{"line":410,"column":2}},{"start":{"line":410,"column":2},"end":{"line":410,"column":2}}]},"35":{"line":429,"type":"if","locations":[{"start":{"line":429,"column":2},"end":{"line":429,"column":2}},{"start":{"line":429,"column":2},"end":{"line":429,"column":2}}]},"36":{"line":430,"type":"if","locations":[{"start":{"line":430,"column":2},"end":{"line":430,"column":2}},{"start":{"line":430,"column":2},"end":{"line":430,"column":2}}]},"37":{"line":434,"type":"if","locations":[{"start":{"line":434,"column":2},"end":{"line":434,"column":2}},{"start":{"line":434,"column":2},"end":{"line":434,"column":2}}]},"38":{"line":440,"type":"if","locations":[{"start":{"line":440,"column":2},"end":{"line":440,"column":2}},{"start":{"line":440,"column":2},"end":{"line":440,"column":2}}]},"39":{"line":450,"type":"if","locations":[{"start":{"line":450,"column":2},"end":{"line":450,"column":2}},{"start":{"line":450,"column":2},"end":{"line":450,"column":2}}]},"40":{"line":452,"type":"if","locations":[{"start":{"line":452,"column":2},"end":{"line":452,"column":2}},{"start":{"line":452,"column":2},"end":{"line":452,"column":2}}]},"41":{"line":453,"type":"if","locations":[{"start":{"line":453,"column":2},"end":{"line":453,"column":2}},{"start":{"line":453,"column":2},"end":{"line":453,"column":2}}]},"42":{"line":457,"type":"if","locations":[{"start":{"line":457,"column":2},"end":{"line":457,"column":2}},{"start":{"line":457,"column":2},"end":{"line":457,"column":2}}]},"43":{"line":462,"type":"if","locations":[{"start":{"line":462,"column":2},"end":{"line":462,"column":2}},{"start":{"line":462,"column":2},"end":{"line":462,"column":2}}]},"44":{"line":477,"type":"if","locations":[{"start":{"line":477,"column":2},"end":{"line":477,"column":2}},{"start":{"line":477,"column":2},"end":{"line":477,"column":2}}]},"45":{"line":479,"type":"if","locations":[{"start":{"line":479,"column":2},"end":{"line":479,"column":2}},{"start":{"line":479,"column":2},"end":{"line":479,"column":2}}]},"46":{"line":480,"type":"if","locations":[{"start":{"line":480,"column":2},"end":{"line":480,"column":2}},{"start":{"line":480,"column":2},"end":{"line":480,"column":2}}]},"47":{"line":484,"type":"if","locations":[{"start":{"line":484,"column":2},"end":{"line":484,"column":2}},{"start":{"line":484,"column":2},"end":{"line":484,"column":2}}]},"48":{"line":489,"type":"if","locations":[{"start":{"line":489,"column":2},"end":{"line":489,"column":2}},{"start":{"line":489,"column":2},"end":{"line":489,"column":2}}]},"49":{"line":499,"type":"if","locations":[{"start":{"line":499,"column":2},"end":{"line":499,"column":2}},{"start":{"line":499,"column":2},"end":{"line":499,"column":2}}]},"50":{"line":501,"type":"if","locations":[{"start":{"line":501,"column":2},"end":{"line":501,"column":2}},{"start":{"line":501,"column":2},"end":{"line":501,"column":2}}]}}},"contracts/Controller.sol":{"l":{"10":3,"11":3,"15":153,"19":0},"path":"/home/sotatek/projects/3nft-smartcontract/contracts/Controller.sol","s":{"1":3,"2":153,"3":0},"b":{"1":[3,0]},"f":{"1":3,"2":153,"3":0},"fnMap":{"1":{"name":"onlyOperator","line":9,"loc":{"start":{"line":9,"column":1},"end":{"line":12,"column":1}}},"2":{"name":"constructor","line":14,"loc":{"start":{"line":14,"column":1},"end":{"line":16,"column":1}}},"3":{"name":"setOperator","line":18,"loc":{"start":{"line":18,"column":1},"end":{"line":20,"column":1}}}},"statementMap":{"1":{"start":{"line":10,"column":2},"end":{"line":10,"column":47}},"2":{"start":{"line":15,"column":2},"end":{"line":15,"column":28}},"3":{"start":{"line":19,"column":2},"end":{"line":19,"column":33}}},"branchMap":{"1":{"line":10,"type":"if","locations":[{"start":{"line":10,"column":2},"end":{"line":10,"column":2}},{"start":{"line":10,"column":2},"end":{"line":10,"column":2}}]}}},"contracts/dependencies/Context.sol":{"l":{"14":616,"22":0},"path":"/home/sotatek/projects/3nft-smartcontract/contracts/dependencies/Context.sol","s":{"1":616,"2":0},"b":{},"f":{"1":204,"2":616,"3":0},"fnMap":{"1":{"name":"constructor","line":7,"loc":{"start":{"line":7,"column":4},"end":{"line":7,"column":21}}},"2":{"name":"_msgSender","line":13,"loc":{"start":{"line":13,"column":4},"end":{"line":15,"column":4}}},"3":{"name":"_msgData","line":21,"loc":{"start":{"line":21,"column":4},"end":{"line":23,"column":4}}}},"statementMap":{"1":{"start":{"line":14,"column":8},"end":{"line":14,"column":25}},"2":{"start":{"line":22,"column":8},"end":{"line":22,"column":23}}},"branchMap":{}},"contracts/dependencies/Migrations.sol":{"l":{"9":0,"13":0,"17":0},"path":"/home/sotatek/projects/3nft-smartcontract/contracts/dependencies/Migrations.sol","s":{"1":0,"2":0},"b":{"1":[0,0]},"f":{"1":0,"2":0},"fnMap":{"1":{"name":"restricted","line":8,"loc":{"start":{"line":8,"column":2},"end":{"line":14,"column":2}}},"2":{"name":"setCompleted","line":16,"loc":{"start":{"line":16,"column":2},"end":{"line":18,"column":2}}}},"statementMap":{"1":{"start":{"line":9,"column":4},"end":{"line":9,"column":192}},"2":{"start":{"line":17,"column":4},"end":{"line":17,"column":39}}},"branchMap":{"1":{"line":9,"type":"if","locations":[{"start":{"line":9,"column":4},"end":{"line":9,"column":4}},{"start":{"line":9,"column":4},"end":{"line":9,"column":4}}]}}},"contracts/dependencies/MinterRole.sol":{"l":{"14":204,"18":0,"19":0,"23":0,"27":0,"31":0,"35":204,"36":204,"40":0,"41":0},"path":"/home/sotatek/projects/3nft-smartcontract/contracts/dependencies/MinterRole.sol","s":{"1":204,"2":0,"3":0,"4":0,"5":0,"6":204,"7":204,"8":0,"9":0},"b":{"1":[0,0]},"f":{"1":204,"2":0,"3":0,"4":0,"5":0,"6":204,"7":0},"fnMap":{"1":{"name":"constructor","line":13,"loc":{"start":{"line":13,"column":4},"end":{"line":15,"column":4}}},"2":{"name":"onlyMinter","line":17,"loc":{"start":{"line":17,"column":4},"end":{"line":20,"column":4}}},"3":{"name":"isMinter","line":22,"loc":{"start":{"line":22,"column":4},"end":{"line":24,"column":4}}},"4":{"name":"addMinter","line":26,"loc":{"start":{"line":26,"column":4},"end":{"line":28,"column":4}}},"5":{"name":"renounceMinter","line":30,"loc":{"start":{"line":30,"column":4},"end":{"line":32,"column":4}}},"6":{"name":"_addMinter","line":34,"loc":{"start":{"line":34,"column":4},"end":{"line":37,"column":4}}},"7":{"name":"_removeMinter","line":39,"loc":{"start":{"line":39,"column":4},"end":{"line":42,"column":4}}}},"statementMap":{"1":{"start":{"line":14,"column":8},"end":{"line":14,"column":31}},"2":{"start":{"line":18,"column":8},"end":{"line":18,"column":90}},"3":{"start":{"line":23,"column":8},"end":{"line":23,"column":36}},"4":{"start":{"line":27,"column":8},"end":{"line":27,"column":26}},"5":{"start":{"line":31,"column":8},"end":{"line":31,"column":34}},"6":{"start":{"line":35,"column":8},"end":{"line":35,"column":28}},"7":{"start":{"line":36,"column":8},"end":{"line":36,"column":33}},"8":{"start":{"line":40,"column":8},"end":{"line":40,"column":31}},"9":{"start":{"line":41,"column":8},"end":{"line":41,"column":35}}},"branchMap":{"1":{"line":18,"type":"if","locations":[{"start":{"line":18,"column":8},"end":{"line":18,"column":8}},{"start":{"line":18,"column":8},"end":{"line":18,"column":8}}]}}},"contracts/dependencies/Ownable.sol":{"l":{"15":204,"16":204,"17":204,"24":0,"31":4,"32":4,"39":4,"50":0,"51":0,"59":0,"66":0,"67":0,"68":0},"path":"/home/sotatek/projects/3nft-smartcontract/contracts/dependencies/Ownable.sol","s":{"1":204,"2":204,"3":204,"4":0,"5":4,"6":4,"7":0,"8":0,"9":0,"10":0,"11":0,"12":0},"b":{"1":[4,0],"2":[0,0]},"f":{"1":204,"2":0,"3":4,"4":4,"5":0,"6":0,"7":0},"fnMap":{"1":{"name":"constructor","line":14,"loc":{"start":{"line":14,"column":4},"end":{"line":18,"column":4}}},"2":{"name":"owner","line":23,"loc":{"start":{"line":23,"column":4},"end":{"line":25,"column":4}}},"3":{"name":"onlyOwner","line":30,"loc":{"start":{"line":30,"column":4},"end":{"line":33,"column":4}}},"4":{"name":"isOwner","line":38,"loc":{"start":{"line":38,"column":4},"end":{"line":40,"column":4}}},"5":{"name":"renounceOwnership","line":49,"loc":{"start":{"line":49,"column":4},"end":{"line":52,"column":4}}},"6":{"name":"transferOwnership","line":58,"loc":{"start":{"line":58,"column":4},"end":{"line":60,"column":4}}},"7":{"name":"_transferOwnership","line":65,"loc":{"start":{"line":65,"column":4},"end":{"line":69,"column":4}}}},"statementMap":{"1":{"start":{"line":15,"column":8},"end":{"line":15,"column":40}},"2":{"start":{"line":16,"column":8},"end":{"line":16,"column":25}},"3":{"start":{"line":17,"column":8},"end":{"line":17,"column":56}},"4":{"start":{"line":24,"column":8},"end":{"line":24,"column":21}},"5":{"start":{"line":31,"column":8},"end":{"line":31,"column":61}},"6":{"start":{"line":39,"column":8},"end":{"line":39,"column":37}},"7":{"start":{"line":50,"column":8},"end":{"line":50,"column":53}},"8":{"start":{"line":51,"column":8},"end":{"line":51,"column":26}},"9":{"start":{"line":59,"column":8},"end":{"line":59,"column":35}},"10":{"start":{"line":66,"column":8},"end":{"line":66,"column":80}},"11":{"start":{"line":67,"column":8},"end":{"line":67,"column":51}},"12":{"start":{"line":68,"column":8},"end":{"line":68,"column":24}}},"branchMap":{"1":{"line":31,"type":"if","locations":[{"start":{"line":31,"column":8},"end":{"line":31,"column":8}},{"start":{"line":31,"column":8},"end":{"line":31,"column":8}}]},"2":{"line":66,"type":"if","locations":[{"start":{"line":66,"column":8},"end":{"line":66,"column":8}},{"start":{"line":66,"column":8},"end":{"line":66,"column":8}}]}}},"contracts/dependencies/ProxyRegistry.sol":{"l":{},"path":"/home/sotatek/projects/3nft-smartcontract/contracts/dependencies/ProxyRegistry.sol","s":{},"b":{},"f":{},"fnMap":{},"statementMap":{},"branchMap":{}},"contracts/dependencies/WhitelistAdminRole.sol":{"l":{"16":204,"20":0,"21":0,"25":0,"29":0,"33":0,"37":204,"38":204,"42":0,"43":0},"path":"/home/sotatek/projects/3nft-smartcontract/contracts/dependencies/WhitelistAdminRole.sol","s":{"1":204,"2":0,"3":0,"4":0,"5":0,"6":204,"7":204,"8":0,"9":0},"b":{"1":[0,0]},"f":{"1":204,"2":0,"3":0,"4":0,"5":0,"6":204,"7":0},"fnMap":{"1":{"name":"constructor","line":15,"loc":{"start":{"line":15,"column":4},"end":{"line":17,"column":4}}},"2":{"name":"onlyWhitelistAdmin","line":19,"loc":{"start":{"line":19,"column":4},"end":{"line":22,"column":4}}},"3":{"name":"isWhitelistAdmin","line":24,"loc":{"start":{"line":24,"column":4},"end":{"line":26,"column":4}}},"4":{"name":"addWhitelistAdmin","line":28,"loc":{"start":{"line":28,"column":4},"end":{"line":30,"column":4}}},"5":{"name":"renounceWhitelistAdmin","line":32,"loc":{"start":{"line":32,"column":4},"end":{"line":34,"column":4}}},"6":{"name":"_addWhitelistAdmin","line":36,"loc":{"start":{"line":36,"column":4},"end":{"line":39,"column":4}}},"7":{"name":"_removeWhitelistAdmin","line":41,"loc":{"start":{"line":41,"column":4},"end":{"line":44,"column":4}}}},"statementMap":{"1":{"start":{"line":16,"column":8},"end":{"line":16,"column":39}},"2":{"start":{"line":20,"column":8},"end":{"line":20,"column":114}},"3":{"start":{"line":25,"column":8},"end":{"line":25,"column":44}},"4":{"start":{"line":29,"column":8},"end":{"line":29,"column":34}},"5":{"start":{"line":33,"column":8},"end":{"line":33,"column":42}},"6":{"start":{"line":37,"column":8},"end":{"line":37,"column":36}},"7":{"start":{"line":38,"column":8},"end":{"line":38,"column":41}},"8":{"start":{"line":42,"column":8},"end":{"line":42,"column":39}},"9":{"start":{"line":43,"column":8},"end":{"line":43,"column":43}}},"branchMap":{"1":{"line":20,"type":"if","locations":[{"start":{"line":20,"column":8},"end":{"line":20,"column":8}},{"start":{"line":20,"column":8},"end":{"line":20,"column":8}}]}}},"contracts/Import1155.sol":{"l":{"11":0,"18":2,"25":0},"path":"/home/sotatek/projects/3nft-smartcontract/contracts/Import1155.sol","s":{"1":0,"2":2,"3":0},"b":{},"f":{"1":99,"2":0,"3":2,"4":0},"fnMap":{"1":{"name":"constructor","line":8,"loc":{"start":{"line":8,"column":4},"end":{"line":8,"column":31}}},"2":{"name":"setURI","line":10,"loc":{"start":{"line":10,"column":4},"end":{"line":12,"column":4}}},"3":{"name":"mint","line":16,"loc":{"start":{"line":14,"column":4},"end":{"line":19,"column":4}}},"4":{"name":"mintBatch","line":23,"loc":{"start":{"line":21,"column":4},"end":{"line":26,"column":4}}}},"statementMap":{"1":{"start":{"line":11,"column":8},"end":{"line":11,"column":22}},"2":{"start":{"line":18,"column":8},"end":{"line":18,"column":39}},"3":{"start":{"line":25,"column":8},"end":{"line":25,"column":41}}},"branchMap":{}},"contracts/Import721.sol":{"l":{"16":18,"17":18,"18":18},"path":"/home/sotatek/projects/3nft-smartcontract/contracts/Import721.sol","s":{"1":18,"2":18,"3":18},"b":{},"f":{"1":147,"2":18},"fnMap":{"1":{"name":"constructor","line":13,"loc":{"start":{"line":13,"column":1},"end":{"line":13,"column":43}}},"2":{"name":"safeMint","line":15,"loc":{"start":{"line":15,"column":1},"end":{"line":19,"column":1}}}},"statementMap":{"1":{"start":{"line":16,"column":2},"end":{"line":16,"column":45}},"2":{"start":{"line":17,"column":2},"end":{"line":17,"column":28}},"3":{"start":{"line":18,"column":2},"end":{"line":18,"column":23}}},"branchMap":{}},"contracts/interfaces/IAddressMarket.sol":{"l":{},"path":"/home/sotatek/projects/3nft-smartcontract/contracts/interfaces/IAddressMarket.sol","s":{},"b":{},"f":{},"fnMap":{},"statementMap":{},"branchMap":{}},"contracts/interfaces/IAuctionVersion.sol":{"l":{},"path":"/home/sotatek/projects/3nft-smartcontract/contracts/interfaces/IAuctionVersion.sol","s":{},"b":{},"f":{},"fnMap":{},"statementMap":{},"branchMap":{}},"contracts/interfaces/IERC1155.sol":{"l":{},"path":"/home/sotatek/projects/3nft-smartcontract/contracts/interfaces/IERC1155.sol","s":{},"b":{},"f":{},"fnMap":{},"statementMap":{},"branchMap":{}},"contracts/interfaces/IERC1155TokenReceiver.sol":{"l":{},"path":"/home/sotatek/projects/3nft-smartcontract/contracts/interfaces/IERC1155TokenReceiver.sol","s":{},"b":{},"f":{},"fnMap":{},"statementMap":{},"branchMap":{}},"contracts/interfaces/IERC1155Version.sol":{"l":{},"path":"/home/sotatek/projects/3nft-smartcontract/contracts/interfaces/IERC1155Version.sol","s":{},"b":{},"f":{},"fnMap":{},"statementMap":{},"branchMap":{}},"contracts/interfaces/IERC165.sol":{"l":{},"path":"/home/sotatek/projects/3nft-smartcontract/contracts/interfaces/IERC165.sol","s":{},"b":{},"f":{},"fnMap":{},"statementMap":{},"branchMap":{}},"contracts/interfaces/IERC20.sol":{"l":{},"path":"/home/sotatek/projects/3nft-smartcontract/contracts/interfaces/IERC20.sol","s":{},"b":{},"f":{},"fnMap":{},"statementMap":{},"branchMap":{}},"contracts/interfaces/INft150V1.sol":{"l":{},"path":"/home/sotatek/projects/3nft-smartcontract/contracts/interfaces/INft150V1.sol","s":{},"b":{},"f":{},"fnMap":{},"statementMap":{},"branchMap":{}},"contracts/interfaces/IOldMarket.sol":{"l":{},"path":"/home/sotatek/projects/3nft-smartcontract/contracts/interfaces/IOldMarket.sol","s":{},"b":{},"f":{},"fnMap":{},"statementMap":{},"branchMap":{}},"contracts/interfaces/IPancakeSwapRouter.sol":{"l":{},"path":"/home/sotatek/projects/3nft-smartcontract/contracts/interfaces/IPancakeSwapRouter.sol","s":{},"b":{},"f":{},"fnMap":{},"statementMap":{},"branchMap":{}},"contracts/interfaces/IPolkaExchange.sol":{"l":{},"path":"/home/sotatek/projects/3nft-smartcontract/contracts/interfaces/IPolkaExchange.sol","s":{},"b":{},"f":{},"fnMap":{},"statementMap":{},"branchMap":{}},"contracts/interfaces/IPolkaMarket.sol":{"l":{},"path":"/home/sotatek/projects/3nft-smartcontract/contracts/interfaces/IPolkaMarket.sol","s":{},"b":{},"f":{},"fnMap":{},"statementMap":{},"branchMap":{}},"contracts/interfaces/IPolkaMarketVersion.sol":{"l":{},"path":"/home/sotatek/projects/3nft-smartcontract/contracts/interfaces/IPolkaMarketVersion.sol","s":{},"b":{},"f":{},"fnMap":{},"statementMap":{},"branchMap":{}},"contracts/interfaces/IPOLKANFT.sol":{"l":{},"path":"/home/sotatek/projects/3nft-smartcontract/contracts/interfaces/IPOLKANFT.sol","s":{},"b":{},"f":{},"fnMap":{},"statementMap":{},"branchMap":{}},"contracts/interfaces/IPolkaURI.sol":{"l":{},"path":"/home/sotatek/projects/3nft-smartcontract/contracts/interfaces/IPolkaURI.sol","s":{},"b":{},"f":{},"fnMap":{},"statementMap":{},"branchMap":{}},"contracts/interfaces/IProfitEstimator.sol":{"l":{},"path":"/home/sotatek/projects/3nft-smartcontract/contracts/interfaces/IProfitEstimator.sol","s":{},"b":{},"f":{},"fnMap":{},"statementMap":{},"branchMap":{}},"contracts/interfaces/IReferral.sol":{"l":{},"path":"/home/sotatek/projects/3nft-smartcontract/contracts/interfaces/IReferral.sol","s":{},"b":{},"f":{},"fnMap":{},"statementMap":{},"branchMap":{}},"contracts/interfaces/IWBNB.sol":{"l":{},"path":"/home/sotatek/projects/3nft-smartcontract/contracts/interfaces/IWBNB.sol","s":{},"b":{},"f":{},"fnMap":{},"statementMap":{},"branchMap":{}},"contracts/libs/Address.sol":{"l":{"14":57,"15":57,"23":57,"24":57},"path":"/home/sotatek/projects/3nft-smartcontract/contracts/libs/Address.sol","s":{"1":57,"2":57,"3":57},"b":{},"f":{"1":57},"fnMap":{"1":{"name":"isContract","line":13,"loc":{"start":{"line":13,"column":2},"end":{"line":25,"column":2}}}},"statementMap":{"1":{"start":{"line":14,"column":4},"end":{"line":14,"column":20}},"2":{"start":{"line":15,"column":4},"end":{"line":15,"column":92}},"3":{"start":{"line":24,"column":4},"end":{"line":24,"column":55}}},"branchMap":{}},"contracts/libs/ERC1155.sol":{"l":{},"path":"/home/sotatek/projects/3nft-smartcontract/contracts/libs/ERC1155.sol","s":{},"b":{},"f":{},"fnMap":{},"statementMap":{},"branchMap":{}},"contracts/libs/ERC1155Metadata.sol":{"l":{"27":0,"39":0,"40":0,"42":0,"43":0,"44":0,"54":0,"55":0,"56":0,"65":0,"77":0,"78":0,"81":0,"82":0,"83":0,"86":0,"87":0,"88":0,"91":0,"92":0,"95":0,"96":0,"97":0,"101":0},"path":"/home/sotatek/projects/3nft-smartcontract/contracts/libs/ERC1155Metadata.sol","s":{"1":0,"2":0,"3":0,"4":0,"5":0,"6":0,"7":0,"8":0,"9":0,"10":0,"11":0,"12":0,"13":0,"14":0,"15":0,"16":0,"17":0,"18":0,"19":0,"20":0,"21":0,"22":0,"23":0},"b":{"1":[0,0],"2":[0,0]},"f":{"1":0,"2":0,"3":0,"4":0,"5":0},"fnMap":{"1":{"name":"uri","line":26,"loc":{"start":{"line":26,"column":1},"end":{"line":28,"column":1}}},"2":{"name":"_logURIs","line":38,"loc":{"start":{"line":38,"column":1},"end":{"line":46,"column":1}}},"3":{"name":"_logURIs","line":53,"loc":{"start":{"line":53,"column":1},"end":{"line":58,"column":1}}},"4":{"name":"_setBaseMetadataURI","line":64,"loc":{"start":{"line":64,"column":1},"end":{"line":66,"column":1}}},"5":{"name":"_uint2str","line":76,"loc":{"start":{"line":76,"column":1},"end":{"line":102,"column":1}}}},"statementMap":{"1":{"start":{"line":27,"column":2},"end":{"line":27,"column":75}},"2":{"start":{"line":39,"column":2},"end":{"line":39,"column":41}},"3":{"start":{"line":40,"column":2},"end":{"line":40,"column":24}},"4":{"start":{"line":42,"column":2},"end":{"line":42,"column":1389}},"5":{"start":{"line":43,"column":3},"end":{"line":43,"column":80}},"6":{"start":{"line":44,"column":3},"end":{"line":44,"column":35}},"7":{"start":{"line":54,"column":2},"end":{"line":54,"column":93}},"8":{"start":{"line":55,"column":2},"end":{"line":55,"column":1954}},"9":{"start":{"line":56,"column":3},"end":{"line":56,"column":35}},"10":{"start":{"line":65,"column":2},"end":{"line":65,"column":38}},"11":{"start":{"line":77,"column":2},"end":{"line":77,"column":2598}},"12":{"start":{"line":78,"column":3},"end":{"line":78,"column":13}},"13":{"start":{"line":81,"column":2},"end":{"line":81,"column":16}},"14":{"start":{"line":82,"column":2},"end":{"line":82,"column":17}},"15":{"start":{"line":83,"column":2},"end":{"line":83,"column":13}},"16":{"start":{"line":86,"column":2},"end":{"line":86,"column":2713}},"17":{"start":{"line":88,"column":3},"end":{"line":88,"column":9}},"18":{"start":{"line":91,"column":2},"end":{"line":91,"column":36}},"19":{"start":{"line":92,"column":2},"end":{"line":92,"column":21}},"20":{"start":{"line":95,"column":2},"end":{"line":95,"column":2852}},"21":{"start":{"line":96,"column":3},"end":{"line":96,"column":43}},"22":{"start":{"line":97,"column":3},"end":{"line":97,"column":10}},"23":{"start":{"line":101,"column":2},"end":{"line":101,"column":21}}},"branchMap":{"1":{"line":54,"type":"if","locations":[{"start":{"line":54,"column":2},"end":{"line":54,"column":2}},{"start":{"line":54,"column":2},"end":{"line":54,"column":2}}]},"2":{"line":77,"type":"if","locations":[{"start":{"line":77,"column":2},"end":{"line":77,"column":2}},{"start":{"line":77,"column":2},"end":{"line":77,"column":2}}]}}},"contracts/libs/ERC1155MintBurn.sol":{"l":{},"path":"/home/sotatek/projects/3nft-smartcontract/contracts/libs/ERC1155MintBurn.sol","s":{},"b":{},"f":{},"fnMap":{},"statementMap":{},"branchMap":{}},"contracts/libs/ERC1155Tradable.sol":{"l":{},"path":"/home/sotatek/projects/3nft-smartcontract/contracts/libs/ERC1155Tradable.sol","s":{},"b":{},"f":{},"fnMap":{},"statementMap":{},"branchMap":{}},"contracts/libs/IERC1155.sol":{"l":{},"path":"/home/sotatek/projects/3nft-smartcontract/contracts/libs/IERC1155.sol","s":{},"b":{},"f":{},"fnMap":{},"statementMap":{},"branchMap":{}},"contracts/libs/IERC1155TokenReceiver.sol":{"l":{},"path":"/home/sotatek/projects/3nft-smartcontract/contracts/libs/IERC1155TokenReceiver.sol","s":{},"b":{},"f":{},"fnMap":{},"statementMap":{},"branchMap":{}},"contracts/libs/IERC165.sol":{"l":{},"path":"/home/sotatek/projects/3nft-smartcontract/contracts/libs/IERC165.sol","s":{},"b":{},"f":{},"fnMap":{},"statementMap":{},"branchMap":{}},"contracts/libs/MinterRole.sol":{"l":{"18":0,"22":0,"23":0,"27":0,"31":0,"35":0,"39":0,"40":0,"44":0,"45":0},"path":"/home/sotatek/projects/3nft-smartcontract/contracts/libs/MinterRole.sol","s":{"1":0,"2":0,"3":0,"4":0,"5":0,"6":0,"7":0,"8":0,"9":0},"b":{"1":[0,0]},"f":{"1":0,"2":0,"3":0,"4":0,"5":0,"6":0,"7":0},"fnMap":{"1":{"name":"constructor","line":17,"loc":{"start":{"line":17,"column":1},"end":{"line":19,"column":1}}},"2":{"name":"onlyMinter","line":21,"loc":{"start":{"line":21,"column":1},"end":{"line":24,"column":1}}},"3":{"name":"isMinter","line":26,"loc":{"start":{"line":26,"column":1},"end":{"line":28,"column":1}}},"4":{"name":"addMinter","line":30,"loc":{"start":{"line":30,"column":1},"end":{"line":32,"column":1}}},"5":{"name":"renounceMinter","line":34,"loc":{"start":{"line":34,"column":1},"end":{"line":36,"column":1}}},"6":{"name":"_addMinter","line":38,"loc":{"start":{"line":38,"column":1},"end":{"line":41,"column":1}}},"7":{"name":"_removeMinter","line":43,"loc":{"start":{"line":43,"column":1},"end":{"line":46,"column":1}}}},"statementMap":{"1":{"start":{"line":18,"column":2},"end":{"line":18,"column":25}},"2":{"start":{"line":22,"column":2},"end":{"line":22,"column":84}},"3":{"start":{"line":27,"column":2},"end":{"line":27,"column":30}},"4":{"start":{"line":31,"column":2},"end":{"line":31,"column":20}},"5":{"start":{"line":35,"column":2},"end":{"line":35,"column":28}},"6":{"start":{"line":39,"column":2},"end":{"line":39,"column":22}},"7":{"start":{"line":40,"column":2},"end":{"line":40,"column":27}},"8":{"start":{"line":44,"column":2},"end":{"line":44,"column":25}},"9":{"start":{"line":45,"column":2},"end":{"line":45,"column":29}}},"branchMap":{"1":{"line":22,"type":"if","locations":[{"start":{"line":22,"column":2},"end":{"line":22,"column":2}},{"start":{"line":22,"column":2},"end":{"line":22,"column":2}}]}}},"contracts/libs/OwnableDelegateProxy.sol":{"l":{"13":0,"14":0,"15":0,"16":0},"path":"/home/sotatek/projects/3nft-smartcontract/contracts/libs/OwnableDelegateProxy.sol","s":{"1":0,"2":0,"3":0,"4":0},"b":{"1":[0,0]},"f":{"1":0},"fnMap":{"1":{"name":"constructor","line":8,"loc":{"start":{"line":8,"column":1},"end":{"line":17,"column":1}}}},"statementMap":{"1":{"start":{"line":13,"column":2},"end":{"line":13,"column":30}},"2":{"start":{"line":14,"column":2},"end":{"line":14,"column":34}},"3":{"start":{"line":15,"column":2},"end":{"line":15,"column":64}},"4":{"start":{"line":16,"column":2},"end":{"line":16,"column":16}}},"branchMap":{"1":{"line":16,"type":"if","locations":[{"start":{"line":16,"column":2},"end":{"line":16,"column":2}},{"start":{"line":16,"column":2},"end":{"line":16,"column":2}}]}}},"contracts/libs/OwnedUpgradeabilityProxy.sol":{"l":{"26":0,"27":0,"28":0,"35":0,"36":0,"44":0,"52":0,"53":0,"54":0,"62":0,"73":0,"74":0,"75":0},"path":"/home/sotatek/projects/3nft-smartcontract/contracts/libs/OwnedUpgradeabilityProxy.sol","s":{"1":0,"2":0,"3":0,"4":0,"5":0,"6":0,"7":0,"8":0,"9":0,"10":0,"11":0,"12":0},"b":{"1":[0,0],"2":[0,0],"3":[0,0],"4":[0,0]},"f":{"1":0,"2":0,"3":0,"4":0,"5":0,"6":0},"fnMap":{"1":{"name":"_upgradeTo","line":25,"loc":{"start":{"line":25,"column":1},"end":{"line":29,"column":1}}},"2":{"name":"onlyProxyOwner","line":34,"loc":{"start":{"line":34,"column":1},"end":{"line":37,"column":1}}},"3":{"name":"proxyOwner","line":43,"loc":{"start":{"line":43,"column":1},"end":{"line":45,"column":1}}},"4":{"name":"transferProxyOwnership","line":51,"loc":{"start":{"line":51,"column":1},"end":{"line":55,"column":1}}},"5":{"name":"upgradeTo","line":61,"loc":{"start":{"line":61,"column":1},"end":{"line":63,"column":1}}},"6":{"name":"upgradeToAndCall","line":72,"loc":{"start":{"line":72,"column":1},"end":{"line":76,"column":1}}}},"statementMap":{"1":{"start":{"line":26,"column":2},"end":{"line":26,"column":43}},"2":{"start":{"line":27,"column":2},"end":{"line":27,"column":33}},"3":{"start":{"line":28,"column":2},"end":{"line":28,"column":31}},"4":{"start":{"line":35,"column":2},"end":{"line":35,"column":36}},"5":{"start":{"line":44,"column":2},"end":{"line":44,"column":30}},"6":{"start":{"line":52,"column":2},"end":{"line":52,"column":32}},"7":{"start":{"line":53,"column":2},"end":{"line":53,"column":56}},"8":{"start":{"line":54,"column":2},"end":{"line":54,"column":33}},"9":{"start":{"line":62,"column":2},"end":{"line":62,"column":27}},"10":{"start":{"line":73,"column":2},"end":{"line":73,"column":26}},"11":{"start":{"line":74,"column":2},"end":{"line":74,"column":52}},"12":{"start":{"line":75,"column":2},"end":{"line":75,"column":16}}},"branchMap":{"1":{"line":26,"type":"if","locations":[{"start":{"line":26,"column":2},"end":{"line":26,"column":2}},{"start":{"line":26,"column":2},"end":{"line":26,"column":2}}]},"2":{"line":35,"type":"if","locations":[{"start":{"line":35,"column":2},"end":{"line":35,"column":2}},{"start":{"line":35,"column":2},"end":{"line":35,"column":2}}]},"3":{"line":52,"type":"if","locations":[{"start":{"line":52,"column":2},"end":{"line":52,"column":2}},{"start":{"line":52,"column":2},"end":{"line":52,"column":2}}]},"4":{"line":75,"type":"if","locations":[{"start":{"line":75,"column":2},"end":{"line":75,"column":2}},{"start":{"line":75,"column":2},"end":{"line":75,"column":2}}]}}},"contracts/libs/OwnedUpgradeabilityStorage.sol":{"l":{"19":0,"26":0,"34":0,"42":0},"path":"/home/sotatek/projects/3nft-smartcontract/contracts/libs/OwnedUpgradeabilityStorage.sol","s":{"1":0,"2":0,"3":0,"4":0},"b":{},"f":{"1":0,"2":0,"3":0,"4":0},"fnMap":{"1":{"name":"upgradeabilityOwner","line":18,"loc":{"start":{"line":18,"column":1},"end":{"line":20,"column":1}}},"2":{"name":"setUpgradeabilityOwner","line":25,"loc":{"start":{"line":25,"column":1},"end":{"line":27,"column":1}}},"3":{"name":"implementation","line":33,"loc":{"start":{"line":33,"column":1},"end":{"line":35,"column":1}}},"4":{"name":"proxyType","line":41,"loc":{"start":{"line":41,"column":1},"end":{"line":43,"column":1}}}},"statementMap":{"1":{"start":{"line":19,"column":2},"end":{"line":19,"column":29}},"2":{"start":{"line":26,"column":2},"end":{"line":26,"column":46}},"3":{"start":{"line":34,"column":2},"end":{"line":34,"column":24}},"4":{"start":{"line":42,"column":2},"end":{"line":42,"column":10}}},"branchMap":{}},"contracts/libs/Pausable.sol":{"l":{"36":0,"43":0,"50":0,"51":0,"58":0,"59":0,"66":0,"67":0,"74":0,"75":0},"path":"/home/sotatek/projects/3nft-smartcontract/contracts/libs/Pausable.sol","s":{"1":0,"2":0,"3":0,"4":0,"5":0,"6":0,"7":0,"8":0},"b":{"1":[0,0],"2":[0,0]},"f":{"1":0,"2":0,"3":0,"4":0,"5":0,"6":0},"fnMap":{"1":{"name":"constructor","line":35,"loc":{"start":{"line":35,"column":1},"end":{"line":37,"column":1}}},"2":{"name":"paused","line":42,"loc":{"start":{"line":42,"column":1},"end":{"line":44,"column":1}}},"3":{"name":"whenNotPaused","line":49,"loc":{"start":{"line":49,"column":1},"end":{"line":52,"column":1}}},"4":{"name":"whenPaused","line":57,"loc":{"start":{"line":57,"column":1},"end":{"line":60,"column":1}}},"5":{"name":"pause","line":65,"loc":{"start":{"line":65,"column":1},"end":{"line":68,"column":1}}},"6":{"name":"unpause","line":73,"loc":{"start":{"line":73,"column":1},"end":{"line":76,"column":1}}}},"statementMap":{"1":{"start":{"line":36,"column":2},"end":{"line":36,"column":16}},"2":{"start":{"line":43,"column":2},"end":{"line":43,"column":16}},"3":{"start":{"line":50,"column":2},"end":{"line":50,"column":38}},"4":{"start":{"line":58,"column":2},"end":{"line":58,"column":41}},"5":{"start":{"line":66,"column":2},"end":{"line":66,"column":15}},"6":{"start":{"line":67,"column":2},"end":{"line":67,"column":27}},"7":{"start":{"line":74,"column":2},"end":{"line":74,"column":16}},"8":{"start":{"line":75,"column":2},"end":{"line":75,"column":29}}},"branchMap":{"1":{"line":50,"type":"if","locations":[{"start":{"line":50,"column":2},"end":{"line":50,"column":2}},{"start":{"line":50,"column":2},"end":{"line":50,"column":2}}]},"2":{"line":58,"type":"if","locations":[{"start":{"line":58,"column":2},"end":{"line":58,"column":2}},{"start":{"line":58,"column":2},"end":{"line":58,"column":2}}]}}},"contracts/libs/PauserRole.sol":{"l":{"18":0,"22":0,"23":0,"27":0,"31":0,"35":0,"39":0,"40":0,"44":0,"45":0},"path":"/home/sotatek/projects/3nft-smartcontract/contracts/libs/PauserRole.sol","s":{"1":0,"2":0,"3":0,"4":0,"5":0,"6":0,"7":0,"8":0,"9":0},"b":{"1":[0,0]},"f":{"1":0,"2":0,"3":0,"4":0,"5":0,"6":0,"7":0},"fnMap":{"1":{"name":"constructor","line":17,"loc":{"start":{"line":17,"column":1},"end":{"line":19,"column":1}}},"2":{"name":"onlyPauser","line":21,"loc":{"start":{"line":21,"column":1},"end":{"line":24,"column":1}}},"3":{"name":"isPauser","line":26,"loc":{"start":{"line":26,"column":1},"end":{"line":28,"column":1}}},"4":{"name":"addPauser","line":30,"loc":{"start":{"line":30,"column":1},"end":{"line":32,"column":1}}},"5":{"name":"renouncePauser","line":34,"loc":{"start":{"line":34,"column":1},"end":{"line":36,"column":1}}},"6":{"name":"_addPauser","line":38,"loc":{"start":{"line":38,"column":1},"end":{"line":41,"column":1}}},"7":{"name":"_removePauser","line":43,"loc":{"start":{"line":43,"column":1},"end":{"line":46,"column":1}}}},"statementMap":{"1":{"start":{"line":18,"column":2},"end":{"line":18,"column":25}},"2":{"start":{"line":22,"column":2},"end":{"line":22,"column":84}},"3":{"start":{"line":27,"column":2},"end":{"line":27,"column":30}},"4":{"start":{"line":31,"column":2},"end":{"line":31,"column":20}},"5":{"start":{"line":35,"column":2},"end":{"line":35,"column":28}},"6":{"start":{"line":39,"column":2},"end":{"line":39,"column":22}},"7":{"start":{"line":40,"column":2},"end":{"line":40,"column":27}},"8":{"start":{"line":44,"column":2},"end":{"line":44,"column":25}},"9":{"start":{"line":45,"column":2},"end":{"line":45,"column":29}}},"branchMap":{"1":{"line":22,"type":"if","locations":[{"start":{"line":22,"column":2},"end":{"line":22,"column":2}},{"start":{"line":22,"column":2},"end":{"line":22,"column":2}}]}}},"contracts/libs/Proxy.sol":{"l":{"25":0,"26":0,"28":0,"49":0},"path":"/home/sotatek/projects/3nft-smartcontract/contracts/libs/Proxy.sol","s":{"1":0,"2":0},"b":{"1":[0,0]},"f":{"1":0},"fnMap":{"1":{"name":null,"line":24,"loc":{"start":{"line":24,"column":1},"end":{"line":43,"column":1}}}},"statementMap":{"1":{"start":{"line":25,"column":2},"end":{"line":25,"column":34}},"2":{"start":{"line":26,"column":2},"end":{"line":26,"column":29}}},"branchMap":{"1":{"line":26,"type":"if","locations":[{"start":{"line":26,"column":2},"end":{"line":26,"column":2}},{"start":{"line":26,"column":2},"end":{"line":26,"column":2}}]}}},"contracts/libs/ProxyRegistry.sol":{"l":{"36":0,"37":0,"47":0,"48":0,"49":0,"59":0,"69":0,"70":0,"71":0},"path":"/home/sotatek/projects/3nft-smartcontract/contracts/libs/ProxyRegistry.sol","s":{"1":0,"2":0,"3":0,"4":0,"5":0,"6":0,"7":0,"8":0,"9":0},"b":{"1":[0,0],"2":[0,0],"3":[0,0]},"f":{"1":0,"2":0,"3":0,"4":0},"fnMap":{"1":{"name":"startGrantAuthentication","line":35,"loc":{"start":{"line":35,"column":1},"end":{"line":38,"column":1}}},"2":{"name":"endGrantAuthentication","line":46,"loc":{"start":{"line":46,"column":1},"end":{"line":50,"column":1}}},"3":{"name":"revokeAuthentication","line":58,"loc":{"start":{"line":58,"column":1},"end":{"line":60,"column":1}}},"4":{"name":"registerProxy","line":68,"loc":{"start":{"line":68,"column":1},"end":{"line":72,"column":1}}}},"statementMap":{"1":{"start":{"line":36,"column":2},"end":{"line":36,"column":48}},"2":{"start":{"line":37,"column":2},"end":{"line":37,"column":32}},"3":{"start":{"line":47,"column":2},"end":{"line":47,"column":102}},"4":{"start":{"line":48,"column":2},"end":{"line":48,"column":18}},"5":{"start":{"line":49,"column":2},"end":{"line":49,"column":23}},"6":{"start":{"line":59,"column":2},"end":{"line":59,"column":24}},"7":{"start":{"line":69,"column":2},"end":{"line":69,"column":52}},"8":{"start":{"line":70,"column":2},"end":{"line":70,"column":157}},"9":{"start":{"line":71,"column":2},"end":{"line":71,"column":28}}},"branchMap":{"1":{"line":36,"type":"if","locations":[{"start":{"line":36,"column":2},"end":{"line":36,"column":2}},{"start":{"line":36,"column":2},"end":{"line":36,"column":2}}]},"2":{"line":47,"type":"if","locations":[{"start":{"line":47,"column":2},"end":{"line":47,"column":2}},{"start":{"line":47,"column":2},"end":{"line":47,"column":2}}]},"3":{"line":69,"type":"if","locations":[{"start":{"line":69,"column":2},"end":{"line":69,"column":2}},{"start":{"line":69,"column":2},"end":{"line":69,"column":2}}]}}},"contracts/libs/ReentrancyGuard.sol":{"l":{"34":0,"46":0,"49":0,"51":0,"55":0},"path":"/home/sotatek/projects/3nft-smartcontract/contracts/libs/ReentrancyGuard.sol","s":{"1":0,"2":0,"3":0,"4":0},"b":{"1":[0,0]},"f":{"1":0,"2":0},"fnMap":{"1":{"name":"constructor","line":27,"loc":{"start":{"line":27,"column":1},"end":{"line":35,"column":1}}},"2":{"name":"nonReentrant","line":44,"loc":{"start":{"line":44,"column":1},"end":{"line":56,"column":1}}}},"statementMap":{"1":{"start":{"line":34,"column":2},"end":{"line":34,"column":19}},"2":{"start":{"line":46,"column":2},"end":{"line":46,"column":56}},"3":{"start":{"line":49,"column":2},"end":{"line":49,"column":20}},"4":{"start":{"line":55,"column":2},"end":{"line":55,"column":19}}},"branchMap":{"1":{"line":46,"type":"if","locations":[{"start":{"line":46,"column":2},"end":{"line":46,"column":2}},{"start":{"line":46,"column":2},"end":{"line":46,"column":2}}]}}},"contracts/libs/Roles.sol":{"l":{"18":408,"19":408,"26":0,"27":0,"35":408,"36":408},"path":"/home/sotatek/projects/3nft-smartcontract/contracts/libs/Roles.sol","s":{"1":408,"2":408,"3":0,"4":0,"5":408,"6":408},"b":{"1":[408,0],"2":[0,0],"3":[408,0]},"f":{"1":408,"2":0,"3":408},"fnMap":{"1":{"name":"add","line":17,"loc":{"start":{"line":17,"column":1},"end":{"line":20,"column":1}}},"2":{"name":"remove","line":25,"loc":{"start":{"line":25,"column":1},"end":{"line":28,"column":1}}},"3":{"name":"has","line":34,"loc":{"start":{"line":34,"column":1},"end":{"line":37,"column":1}}}},"statementMap":{"1":{"start":{"line":18,"column":2},"end":{"line":18,"column":64}},"2":{"start":{"line":19,"column":2},"end":{"line":19,"column":28}},"3":{"start":{"line":26,"column":2},"end":{"line":26,"column":65}},"4":{"start":{"line":27,"column":2},"end":{"line":27,"column":29}},"5":{"start":{"line":35,"column":2},"end":{"line":35,"column":69}},"6":{"start":{"line":36,"column":2},"end":{"line":36,"column":29}}},"branchMap":{"1":{"line":18,"type":"if","locations":[{"start":{"line":18,"column":2},"end":{"line":18,"column":2}},{"start":{"line":18,"column":2},"end":{"line":18,"column":2}}]},"2":{"line":26,"type":"if","locations":[{"start":{"line":26,"column":2},"end":{"line":26,"column":2}},{"start":{"line":26,"column":2},"end":{"line":26,"column":2}}]},"3":{"line":35,"type":"if","locations":[{"start":{"line":35,"column":2},"end":{"line":35,"column":2}},{"start":{"line":35,"column":2},"end":{"line":35,"column":2}}]}}},"contracts/libs/SafeMath.sol":{"l":{"12":0,"13":0,"16":0,"17":0,"19":0,"27":0,"28":0,"31":0,"38":35,"39":35,"41":35,"48":76,"49":76,"51":76,"59":0,"60":0},"path":"/home/sotatek/projects/3nft-smartcontract/contracts/libs/SafeMath.sol","s":{"1":0,"2":0,"3":0,"4":0,"5":0,"6":0,"7":0,"8":0,"9":35,"10":35,"11":35,"12":76,"13":76,"14":76,"15":0,"16":0},"b":{"1":[0,0],"2":[0,0],"3":[0,0],"4":[35,0],"5":[76,0],"6":[0,0]},"f":{"1":0,"2":0,"3":35,"4":76,"5":0},"fnMap":{"1":{"name":"mul","line":8,"loc":{"start":{"line":8,"column":2},"end":{"line":20,"column":2}}},"2":{"name":"div","line":25,"loc":{"start":{"line":25,"column":2},"end":{"line":32,"column":2}}},"3":{"name":"sub","line":37,"loc":{"start":{"line":37,"column":2},"end":{"line":42,"column":2}}},"4":{"name":"add","line":47,"loc":{"start":{"line":47,"column":2},"end":{"line":52,"column":2}}},"5":{"name":"mod","line":58,"loc":{"start":{"line":58,"column":2},"end":{"line":61,"column":2}}}},"statementMap":{"1":{"start":{"line":12,"column":4},"end":{"line":12,"column":444}},"2":{"start":{"line":13,"column":6},"end":{"line":13,"column":14}},"3":{"start":{"line":16,"column":4},"end":{"line":16,"column":21}},"4":{"start":{"line":17,"column":4},"end":{"line":17,"column":48}},"5":{"start":{"line":19,"column":4},"end":{"line":19,"column":12}},"6":{"start":{"line":27,"column":4},"end":{"line":27,"column":51}},"7":{"start":{"line":28,"column":4},"end":{"line":28,"column":21}},"8":{"start":{"line":31,"column":4},"end":{"line":31,"column":12}},"9":{"start":{"line":38,"column":4},"end":{"line":38,"column":45}},"10":{"start":{"line":39,"column":4},"end":{"line":39,"column":21}},"11":{"start":{"line":41,"column":4},"end":{"line":41,"column":12}},"12":{"start":{"line":48,"column":4},"end":{"line":48,"column":21}},"13":{"start":{"line":49,"column":4},"end":{"line":49,"column":44}},"14":{"start":{"line":51,"column":4},"end":{"line":51,"column":12}},"15":{"start":{"line":59,"column":4},"end":{"line":59,"column":52}},"16":{"start":{"line":60,"column":4},"end":{"line":60,"column":16}}},"branchMap":{"1":{"line":12,"type":"if","locations":[{"start":{"line":12,"column":4},"end":{"line":12,"column":4}},{"start":{"line":12,"column":4},"end":{"line":12,"column":4}}]},"2":{"line":17,"type":"if","locations":[{"start":{"line":17,"column":4},"end":{"line":17,"column":4}},{"start":{"line":17,"column":4},"end":{"line":17,"column":4}}]},"3":{"line":27,"type":"if","locations":[{"start":{"line":27,"column":4},"end":{"line":27,"column":4}},{"start":{"line":27,"column":4},"end":{"line":27,"column":4}}]},"4":{"line":38,"type":"if","locations":[{"start":{"line":38,"column":4},"end":{"line":38,"column":4}},{"start":{"line":38,"column":4},"end":{"line":38,"column":4}}]},"5":{"line":49,"type":"if","locations":[{"start":{"line":49,"column":4},"end":{"line":49,"column":4}},{"start":{"line":49,"column":4},"end":{"line":49,"column":4}}]},"6":{"line":59,"type":"if","locations":[{"start":{"line":59,"column":4},"end":{"line":59,"column":4}},{"start":{"line":59,"column":4},"end":{"line":59,"column":4}}]}}},"contracts/libs/Strings.sol":{"l":{"14":0,"15":0,"16":0,"17":0,"18":0,"19":0,"20":0,"21":0,"22":0,"23":0,"24":0,"25":0,"26":0,"27":0,"36":0,"44":0,"48":0,"52":0,"53":0,"55":0,"56":0,"57":0,"58":0,"59":0,"61":0,"62":0,"63":0,"64":0,"65":0,"67":0},"path":"/home/sotatek/projects/3nft-smartcontract/contracts/libs/Strings.sol","s":{"1":0,"2":0,"3":0,"4":0,"5":0,"6":0,"7":0,"8":0,"9":0,"10":0,"11":0,"12":0,"13":0,"14":0,"15":0,"16":0,"17":0,"18":0,"19":0,"20":0,"21":0,"22":0,"23":0,"24":0,"25":0,"26":0,"27":0,"28":0,"29":0,"30":0,"31":0,"32":0,"33":0,"34":0},"b":{"1":[0,0]},"f":{"1":0,"2":0,"3":0,"4":0,"5":0},"fnMap":{"1":{"name":"strConcat","line":7,"loc":{"start":{"line":7,"column":1},"end":{"line":28,"column":1}}},"2":{"name":"strConcat","line":30,"loc":{"start":{"line":30,"column":1},"end":{"line":37,"column":1}}},"3":{"name":"strConcat","line":39,"loc":{"start":{"line":39,"column":1},"end":{"line":45,"column":1}}},"4":{"name":"strConcat","line":47,"loc":{"start":{"line":47,"column":1},"end":{"line":49,"column":1}}},"5":{"name":"uint2str","line":51,"loc":{"start":{"line":51,"column":1},"end":{"line":68,"column":1}}}},"statementMap":{"1":{"start":{"line":14,"column":2},"end":{"line":14,"column":30}},"2":{"start":{"line":15,"column":2},"end":{"line":15,"column":30}},"3":{"start":{"line":16,"column":2},"end":{"line":16,"column":30}},"4":{"start":{"line":17,"column":2},"end":{"line":17,"column":30}},"5":{"start":{"line":18,"column":2},"end":{"line":18,"column":30}},"6":{"start":{"line":19,"column":2},"end":{"line":19,"column":98}},"7":{"start":{"line":20,"column":2},"end":{"line":20,"column":36}},"8":{"start":{"line":21,"column":2},"end":{"line":21,"column":15}},"9":{"start":{"line":22,"column":2},"end":{"line":22,"column":63}},"10":{"start":{"line":22,"column":43},"end":{"line":22,"column":62}},"11":{"start":{"line":23,"column":2},"end":{"line":23,"column":63}},"12":{"start":{"line":23,"column":43},"end":{"line":23,"column":62}},"13":{"start":{"line":24,"column":2},"end":{"line":24,"column":63}},"14":{"start":{"line":24,"column":43},"end":{"line":24,"column":62}},"15":{"start":{"line":25,"column":2},"end":{"line":25,"column":63}},"16":{"start":{"line":25,"column":43},"end":{"line":25,"column":62}},"17":{"start":{"line":26,"column":2},"end":{"line":26,"column":63}},"18":{"start":{"line":26,"column":43},"end":{"line":26,"column":62}},"19":{"start":{"line":27,"column":2},"end":{"line":27,"column":23}},"20":{"start":{"line":36,"column":2},"end":{"line":36,"column":38}},"21":{"start":{"line":44,"column":2},"end":{"line":44,"column":38}},"22":{"start":{"line":48,"column":2},"end":{"line":48,"column":38}},"23":{"start":{"line":52,"column":2},"end":{"line":52,"column":1573}},"24":{"start":{"line":53,"column":3},"end":{"line":53,"column":13}},"25":{"start":{"line":55,"column":2},"end":{"line":55,"column":16}},"26":{"start":{"line":56,"column":2},"end":{"line":56,"column":13}},"27":{"start":{"line":57,"column":2},"end":{"line":57,"column":1642}},"28":{"start":{"line":59,"column":3},"end":{"line":59,"column":9}},"29":{"start":{"line":61,"column":2},"end":{"line":61,"column":36}},"30":{"start":{"line":62,"column":2},"end":{"line":62,"column":21}},"31":{"start":{"line":63,"column":2},"end":{"line":63,"column":1748}},"32":{"start":{"line":64,"column":3},"end":{"line":64,"column":43}},"33":{"start":{"line":65,"column":3},"end":{"line":65,"column":10}},"34":{"start":{"line":67,"column":2},"end":{"line":67,"column":21}}},"branchMap":{"1":{"line":52,"type":"if","locations":[{"start":{"line":52,"column":2},"end":{"line":52,"column":2}},{"start":{"line":52,"column":2},"end":{"line":52,"column":2}}]}}},"contracts/libs/WhitelistAdminRole.sol":{"l":{"22":0,"26":0,"27":0,"31":0,"35":0,"39":0,"43":0,"44":0,"48":0,"49":0},"path":"/home/sotatek/projects/3nft-smartcontract/contracts/libs/WhitelistAdminRole.sol","s":{"1":0,"2":0,"3":0,"4":0,"5":0,"6":0,"7":0,"8":0,"9":0},"b":{"1":[0,0]},"f":{"1":0,"2":0,"3":0,"4":0,"5":0,"6":0,"7":0},"fnMap":{"1":{"name":"constructor","line":21,"loc":{"start":{"line":21,"column":1},"end":{"line":23,"column":1}}},"2":{"name":"onlyWhitelistAdmin","line":25,"loc":{"start":{"line":25,"column":1},"end":{"line":28,"column":1}}},"3":{"name":"isWhitelistAdmin","line":30,"loc":{"start":{"line":30,"column":1},"end":{"line":32,"column":1}}},"4":{"name":"addWhitelistAdmin","line":34,"loc":{"start":{"line":34,"column":1},"end":{"line":36,"column":1}}},"5":{"name":"renounceWhitelistAdmin","line":38,"loc":{"start":{"line":38,"column":1},"end":{"line":40,"column":1}}},"6":{"name":"_addWhitelistAdmin","line":42,"loc":{"start":{"line":42,"column":1},"end":{"line":45,"column":1}}},"7":{"name":"_removeWhitelistAdmin","line":47,"loc":{"start":{"line":47,"column":1},"end":{"line":50,"column":1}}}},"statementMap":{"1":{"start":{"line":22,"column":2},"end":{"line":22,"column":33}},"2":{"start":{"line":26,"column":2},"end":{"line":26,"column":108}},"3":{"start":{"line":31,"column":2},"end":{"line":31,"column":38}},"4":{"start":{"line":35,"column":2},"end":{"line":35,"column":28}},"5":{"start":{"line":39,"column":2},"end":{"line":39,"column":36}},"6":{"start":{"line":43,"column":2},"end":{"line":43,"column":30}},"7":{"start":{"line":44,"column":2},"end":{"line":44,"column":35}},"8":{"start":{"line":48,"column":2},"end":{"line":48,"column":33}},"9":{"start":{"line":49,"column":2},"end":{"line":49,"column":37}}},"branchMap":{"1":{"line":26,"type":"if","locations":[{"start":{"line":26,"column":2},"end":{"line":26,"column":2}},{"start":{"line":26,"column":2},"end":{"line":26,"column":2}}]}}},"contracts/MarketV3.sol":{"l":{"40":2,"44":1,"48":1,"49":1,"53":32,"54":32,"55":32,"59":64,"60":64,"61":32,"62":32,"64":64,"65":64,"72":2,"73":2,"74":1,"75":1,"77":1,"78":1,"80":2,"84":16,"85":14,"87":2,"91":33,"92":29,"94":4,"98":33,"99":29,"101":4,"163":32,"164":32,"172":31,"173":4,"175":27,"180":5,"181":5,"182":5,"183":4,"186":5,"187":5,"197":16,"198":16,"199":7,"201":9,"209":16,"210":16,"212":16,"232":16,"234":16,"236":16,"238":16,"240":16,"241":1,"242":1,"245":16,"246":14,"253":16,"255":16,"281":39,"282":38,"283":38,"285":38,"287":38,"288":17,"289":17,"291":21,"292":21,"295":36,"296":16,"298":20,"301":36,"302":36,"303":36,"304":36,"305":36,"306":36,"307":36,"308":36,"309":36,"311":36,"313":36,"315":36,"317":36,"325":16,"326":16,"327":15,"328":14,"329":13,"331":11,"332":11,"334":11,"335":11,"337":11,"338":9,"341":11,"342":3,"344":8,"346":10,"347":10,"367":24,"368":22,"369":21,"371":20,"372":20,"373":20,"374":20,"375":20,"376":20,"378":20,"380":20,"381":8,"383":12,"386":15,"388":15,"389":15,"390":15,"392":15,"393":15,"394":15,"395":15,"403":11,"404":11,"405":9,"407":8,"408":8,"409":10,"410":9,"411":9,"412":8,"413":7,"415":6,"417":6,"418":6,"419":6,"421":6,"423":6,"432":6,"435":5,"437":5,"441":4,"442":4,"443":3,"445":2,"446":1,"448":1,"456":2,"457":2,"459":2,"461":2,"465":3,"466":3,"467":2,"469":2,"470":1,"472":1,"475":2,"477":2,"478":2,"479":2,"480":2,"489":3,"491":3,"492":2,"493":1,"495":2,"496":8,"509":8,"510":4,"511":4,"512":4,"513":4,"514":4,"515":4,"516":4,"517":4,"518":2,"520":2,"522":4,"523":4,"534":3,"535":2,"536":1,"538":2,"539":7,"541":7,"542":4,"543":2,"544":1,"547":2,"548":2,"549":1,"569":3,"571":3,"572":2,"573":1,"576":2,"577":7,"589":7,"590":3,"591":3,"592":3,"593":3,"594":2,"596":1,"599":3,"600":3,"601":3,"602":3,"603":3,"604":3,"610":3,"616":3,"617":2,"618":2,"619":1,"621":1,"624":2,"628":3,"629":2,"630":2,"631":1,"632":1,"634":1,"635":1,"638":2,"642":2,"646":2},"path":"/home/sotatek/projects/3nft-smartcontract/contracts/MarketV3.sol","s":{"1":2,"2":1,"3":1,"4":1,"5":32,"6":32,"7":32,"8":64,"9":64,"10":32,"11":32,"12":64,"13":64,"14":2,"15":2,"16":1,"17":1,"18":1,"19":1,"20":2,"21":16,"22":14,"23":2,"24":33,"25":29,"26":4,"27":33,"28":29,"29":4,"30":32,"31":32,"32":31,"33":4,"34":27,"35":5,"36":5,"37":5,"38":4,"39":5,"40":5,"41":16,"42":16,"43":7,"44":9,"45":16,"46":16,"47":16,"48":16,"49":16,"50":16,"51":16,"52":16,"53":1,"54":1,"55":16,"56":14,"57":16,"58":16,"59":39,"60":38,"61":38,"62":38,"63":38,"64":17,"65":17,"66":21,"67":21,"68":36,"69":16,"70":20,"71":36,"72":36,"73":36,"74":36,"75":36,"76":36,"77":36,"78":36,"79":36,"80":36,"81":36,"82":36,"83":36,"84":16,"85":16,"86":15,"87":14,"88":13,"89":11,"90":11,"91":11,"92":11,"93":11,"94":9,"95":11,"96":3,"97":8,"98":10,"99":10,"100":24,"101":22,"102":21,"103":20,"104":20,"105":20,"106":20,"107":20,"108":20,"109":20,"110":20,"111":8,"112":12,"113":15,"114":15,"115":15,"116":15,"117":15,"118":15,"119":15,"120":15,"121":11,"122":11,"123":9,"124":8,"125":8,"126":10,"127":9,"128":9,"129":8,"130":7,"131":6,"132":6,"133":6,"134":6,"135":6,"136":6,"137":6,"138":5,"139":5,"140":4,"141":4,"142":3,"143":2,"144":1,"145":1,"146":2,"147":2,"148":2,"149":2,"150":3,"151":3,"152":2,"153":2,"154":1,"155":1,"156":2,"157":2,"158":2,"159":2,"160":2,"161":3,"162":3,"163":2,"164":1,"165":2,"166":8,"167":8,"168":4,"169":4,"170":4,"171":4,"172":4,"173":4,"174":4,"175":4,"176":2,"177":2,"178":4,"179":4,"180":3,"181":2,"182":1,"183":2,"184":7,"185":7,"186":4,"187":2,"188":1,"189":2,"190":2,"191":1,"192":3,"193":3,"194":2,"195":1,"196":2,"197":7,"198":7,"199":3,"200":3,"201":3,"202":3,"203":2,"204":1,"205":3,"206":3,"207":3,"208":3,"209":3,"210":3,"211":3,"212":3,"213":2,"214":2,"215":1,"216":1,"217":2,"218":3,"219":2,"220":2,"221":1,"222":1,"223":1,"224":1,"225":2,"226":2,"227":2},"b":{"1":[32,32],"2":[1,1],"3":[4,27],"4":[4,1],"5":[7,9],"6":[1,15],"7":[14,2],"8":[38,1],"9":[17,21],"10":[16,1],"11":[20,1],"12":[16,20],"13":[15,1],"14":[14,1],"15":[13,1],"16":[11,2],"17":[9,2],"18":[3,8],"19":[2,1],"20":[22,2],"21":[21,1],"22":[20,1],"23":[8,12],"24":[4,4],"25":[9,2],"26":[8,1],"27":[1,9],"28":[8,1],"29":[7,1],"30":[6,1],"31":[3,1],"32":[2,1],"33":[1,1],"34":[2,1],"35":[1,1],"36":[2,1],"37":[1,1],"38":[4,4],"39":[2,2],"40":[2,1],"41":[1,1],"42":[4,3],"43":[2,2],"44":[1,1],"45":[1,1],"46":[2,1],"47":[1,1],"48":[3,4],"49":[2,1],"50":[2,1],"51":[1,1],"52":[2,1],"53":[1,1]},"f":{"1":147,"2":2,"3":1,"4":1,"5":32,"6":64,"7":2,"8":16,"9":33,"10":33,"11":147,"12":32,"13":31,"14":5,"15":16,"16":16,"17":39,"18":16,"19":24,"20":11,"21":4,"22":3,"23":3,"24":3,"25":3,"26":3,"27":3,"28":2,"29":2},"fnMap":{"1":{"name":"constructor","line":35,"loc":{"start":{"line":35,"column":1},"end":{"line":35,"column":16}}},"2":{"name":"pause","line":39,"loc":{"start":{"line":39,"column":1},"end":{"line":41,"column":1}}},"3":{"name":"unPause","line":43,"loc":{"start":{"line":43,"column":1},"end":{"line":45,"column":1}}},"4":{"name":"setSystemFee","line":47,"loc":{"start":{"line":47,"column":1},"end":{"line":50,"column":1}}},"5":{"name":"setReferralContract","line":52,"loc":{"start":{"line":52,"column":1},"end":{"line":56,"column":1}}},"6":{"name":"setPaymentMethod","line":58,"loc":{"start":{"line":58,"column":1},"end":{"line":66,"column":1}}},"7":{"name":"withdrawFunds","line":71,"loc":{"start":{"line":71,"column":1},"end":{"line":81,"column":1}}},"8":{"name":"_getCreator","line":83,"loc":{"start":{"line":83,"column":1},"end":{"line":88,"column":1}}},"9":{"name":"_getXUserFee","line":90,"loc":{"start":{"line":90,"column":1},"end":{"line":95,"column":1}}},"10":{"name":"_getLoyaltyFee","line":97,"loc":{"start":{"line":97,"column":1},"end":{"line":102,"column":1}}},"11":{"name":"constructor","line":160,"loc":{"start":{"line":160,"column":1},"end":{"line":160,"column":26}}},"12":{"name":"getRefData","line":162,"loc":{"start":{"line":162,"column":1},"end":{"line":165,"column":1}}},"13":{"name":"_paid","line":167,"loc":{"start":{"line":167,"column":1},"end":{"line":177,"column":1}}},"14":{"name":"_updateBid","line":179,"loc":{"start":{"line":179,"column":1},"end":{"line":188,"column":1}}},"15":{"name":"_updateOrder","line":190,"loc":{"start":{"line":190,"column":1},"end":{"line":213,"column":1}}},"16":{"name":"_match","line":223,"loc":{"start":{"line":223,"column":1},"end":{"line":263,"column":1}}},"17":{"name":"createOrder","line":280,"loc":{"start":{"line":274,"column":1},"end":{"line":318,"column":1}}},"18":{"name":"buy","line":324,"loc":{"start":{"line":320,"column":1},"end":{"line":357,"column":1}}},"19":{"name":"createBid","line":366,"loc":{"start":{"line":359,"column":1},"end":{"line":396,"column":1}}},"20":{"name":"acceptBid","line":402,"loc":{"start":{"line":398,"column":1},"end":{"line":438,"column":1}}},"21":{"name":"cancelOrder","line":440,"loc":{"start":{"line":440,"column":1},"end":{"line":462,"column":1}}},"22":{"name":"cancelBid","line":464,"loc":{"start":{"line":464,"column":1},"end":{"line":481,"column":1}}},"23":{"name":"adminMigrateOrders","line":488,"loc":{"start":{"line":483,"column":1},"end":{"line":526,"column":1}}},"24":{"name":"adminMigratePushNFT","line":532,"loc":{"start":{"line":528,"column":1},"end":{"line":560,"column":1}}},"25":{"name":"adminMigrateBids","line":568,"loc":{"start":{"line":562,"column":1},"end":{"line":613,"column":1}}},"26":{"name":"sendPaymentToNewContract","line":615,"loc":{"start":{"line":615,"column":1},"end":{"line":625,"column":1}}},"27":{"name":"withdrawSystemFee","line":627,"loc":{"start":{"line":627,"column":1},"end":{"line":639,"column":1}}},"28":{"name":"setApproveForAll","line":641,"loc":{"start":{"line":641,"column":1},"end":{"line":643,"column":1}}},"29":{"name":"setApproveForAllERC721","line":645,"loc":{"start":{"line":645,"column":1},"end":{"line":647,"column":1}}}},"statementMap":{"1":{"start":{"line":40,"column":2},"end":{"line":40,"column":9}},"2":{"start":{"line":44,"column":2},"end":{"line":44,"column":11}},"3":{"start":{"line":48,"column":2},"end":{"line":48,"column":21}},"4":{"start":{"line":49,"column":2},"end":{"line":49,"column":34}},"5":{"start":{"line":53,"column":2},"end":{"line":53,"column":37}},"6":{"start":{"line":54,"column":2},"end":{"line":54,"column":49}},"7":{"start":{"line":55,"column":2},"end":{"line":55,"column":13}},"8":{"start":{"line":59,"column":2},"end":{"line":59,"column":32}},"9":{"start":{"line":60,"column":2},"end":{"line":60,"column":1927}},"10":{"start":{"line":61,"column":3},"end":{"line":61,"column":54}},"11":{"start":{"line":62,"column":3},"end":{"line":62,"column":57}},"12":{"start":{"line":64,"column":2},"end":{"line":64,"column":44}},"13":{"start":{"line":65,"column":2},"end":{"line":65,"column":13}},"14":{"start":{"line":72,"column":2},"end":{"line":72,"column":25}},"15":{"start":{"line":73,"column":2},"end":{"line":73,"column":2315}},"16":{"start":{"line":74,"column":3},"end":{"line":74,"column":46}},"17":{"start":{"line":75,"column":3},"end":{"line":75,"column":41}},"18":{"start":{"line":77,"column":3},"end":{"line":77,"column":66}},"19":{"start":{"line":78,"column":3},"end":{"line":78,"column":67}},"20":{"start":{"line":80,"column":2},"end":{"line":80,"column":54
[...]
owance","line":1026,"loc":{"start":{"line":1026,"column":1},"end":{"line":1028,"column":1}}},"52":{"name":"approve","line":1037,"loc":{"start":{"line":1037,"column":1},"end":{"line":1040,"column":1}}},"53":{"name":"transferFrom","line":1054,"loc":{"start":{"line":1054,"column":1},"end":{"line":1066,"column":1}}},"54":{"name":"increaseAllowance","line":1080,"loc":{"start":{"line":1080,"column":1},"end":{"line":1083,"column":1}}},"55":{"name":"decreaseAllowance","line":1099,"loc":{"start":{"line":1099,"column":1},"end":{"line":1106,"column":1}}},"56":{"name":"_transfer","line":1122,"loc":{"start":{"line":1122,"column":1},"end":{"line":1135,"column":1}}},"57":{"name":"_mint","line":1146,"loc":{"start":{"line":1146,"column":1},"end":{"line":1154,"column":1}}},"58":{"name":"_burn","line":1167,"loc":{"start":{"line":1167,"column":1},"end":{"line":1175,"column":1}}},"59":{"name":"_approve","line":1190,"loc":{"start":{"line":1190,"column":1},"end":{"line":1200,"column":1}}},"60":{"name":"_setupDecimals","line":1209,"loc":{"start":{"line":1209,"column":1},"end":{"line":1211,"column":1}}},"61":{"name":"_beforeTokenTransfer","line":1227,"loc":{"start":{"line":1227,"column":1},"end":{"line":1231,"column":21}}},"62":{"name":"burn","line":1249,"loc":{"start":{"line":1249,"column":1},"end":{"line":1251,"column":1}}},"63":{"name":"burnFrom","line":1264,"loc":{"start":{"line":1264,"column":1},"end":{"line":1272,"column":1}}},"64":{"name":"constructor","line":1304,"loc":{"start":{"line":1304,"column":1},"end":{"line":1306,"column":1}}},"65":{"name":"paused","line":1311,"loc":{"start":{"line":1311,"column":1},"end":{"line":1313,"column":1}}},"66":{"name":"whenNotPaused","line":1322,"loc":{"start":{"line":1322,"column":1},"end":{"line":1325,"column":1}}},"67":{"name":"whenPaused","line":1334,"loc":{"start":{"line":1334,"column":1},"end":{"line":1337,"column":1}}},"68":{"name":"_pause","line":1346,"loc":{"start":{"line":1346,"column":1},"end":{"line":1349,"column":1}}},"69":{"name":"_unpause","line":1358,"loc":{"start":{"line":1358,"column":1},"end":{"line":1361,"column":1}}},"70":{"name":"_beforeTokenTransfer","line":1383,"loc":{"start":{"line":1383,"column":1},"end":{"line":1391,"column":1}}},"71":{"name":"constructor","line":1408,"loc":{"start":{"line":1408,"column":1},"end":{"line":1411,"column":1}}},"72":{"name":"cap","line":1416,"loc":{"start":{"line":1416,"column":1},"end":{"line":1418,"column":1}}},"73":{"name":"_beforeTokenTransfer","line":1427,"loc":{"start":{"line":1427,"column":1},"end":{"line":1438,"column":1}}},"74":{"name":"constructor","line":1460,"loc":{"start":{"line":1454,"column":1},"end":{"line":1466,"column":1}}},"75":{"name":"mint","line":1475,"loc":{"start":{"line":1475,"column":1},"end":{"line":1478,"column":1}}},"76":{"name":"pause","line":1487,"loc":{"start":{"line":1487,"column":1},"end":{"line":1490,"column":1}}},"77":{"name":"unpause","line":1499,"loc":{"start":{"line":1499,"column":1},"end":{"line":1502,"column":1}}},"78":{"name":"_beforeTokenTransfer","line":1504,"loc":{"start":{"line":1504,"column":1},"end":{"line":1510,"column":1}}}},"statementMap":{"1":{"start":{"line":62,"column":2},"end":{"line":62,"column":1739}},"2":{"start":{"line":63,"column":3},"end":{"line":63,"column":25}},"3":{"start":{"line":66,"column":3},"end":{"line":66,"column":42}},"4":{"start":{"line":67,"column":3},"end":{"line":67,"column":14}},"5":{"start":{"line":69,"column":3},"end":{"line":69,"column":15}},"6":{"start":{"line":81,"column":2},"end":{"line":81,"column":42}},"7":{"start":{"line":83,"column":2},"end":{"line":83,"column":2357}},"8":{"start":{"line":89,"column":3},"end":{"line":89,"column":41}},"9":{"start":{"line":90,"column":3},"end":{"line":90,"column":45}},"10":{"start":{"line":95,"column":3},"end":{"line":95,"column":45}},"11":{"start":{"line":98,"column":3},"end":{"line":98,"column":40}},"12":{"start":{"line":100,"column":3},"end":{"line":100,"column":45}},"13":{"start":{"line":103,"column":3},"end":{"line":103,"column":19}},"14":{"start":{"line":108,"column":3},"end":{"line":108,"column":14}},"15":{"start":{"line":110,"column":3},"end":{"line":110,"column":15}},"16":{"start":{"line":118,"column":2},"end":{"line":118,"column":33}},"17":{"start":{"line":125,"column":2},"end":{"line":125,"column":27}},"18":{"start":{"line":139,"column":2},"end":{"line":139,"column":74}},"19":{"start":{"line":140,"column":2},"end":{"line":140,"column":27}},"20":{"start":{"line":156,"column":2},"end":{"line":156,"column":50}},"21":{"start":{"line":166,"column":2},"end":{"line":166,"column":53}},"22":{"start":{"line":173,"column":2},"end":{"line":173,"column":55}},"23":{"start":{"line":180,"column":2},"end":{"line":180,"column":28}},"24":{"start":{"line":194,"column":2},"end":{"line":194,"column":49}},"25":{"start":{"line":210,"column":2},"end":{"line":210,"column":41}},"26":{"start":{"line":220,"column":2},"end":{"line":220,"column":44}},"27":{"start":{"line":227,"column":2},"end":{"line":227,"column":46}},"28":{"start":{"line":234,"column":2},"end":{"line":234,"column":28}},"29":{"start":{"line":248,"column":2},"end":{"line":248,"column":40}},"30":{"start":{"line":282,"column":2},"end":{"line":282,"column":14}},"31":{"start":{"line":287,"column":2},"end":{"line":287,"column":17}},"32":{"start":{"line":307,"column":2},"end":{"line":307,"column":74}},"33":{"start":{"line":310,"column":2},"end":{"line":310,"column":56}},"34":{"start":{"line":311,"column":2},"end":{"line":311,"column":79}},"35":{"start":{"line":333,"column":2},"end":{"line":333,"column":69}},"36":{"start":{"line":347,"column":2},"end":{"line":347,"column":62}},"37":{"start":{"line":366,"column":2},"end":{"line":366,"column":96}},"38":{"start":{"line":381,"column":2},"end":{"line":381,"column":82}},"39":{"start":{"line":382,"column":2},"end":{"line":382,"column":66}},"40":{"start":{"line":391,"column":2},"end":{"line":391,"column":61}},"41":{"start":{"line":394,"column":2},"end":{"line":394,"column":80}},"42":{"start":{"line":395,"column":2},"end":{"line":395,"column":12153}},"43":{"start":{"line":396,"column":3},"end":{"line":396,"column":20}},"44":{"start":{"line":399,"column":3},"end":{"line":399,"column":12262}},"45":{"start":{"line":408,"column":4},"end":{"line":408,"column":23}},"46":{"start":{"line":430,"column":2},"end":{"line":430,"column":19}},"47":{"start":{"line":435,"column":2},"end":{"line":435,"column":17}},"48":{"start":{"line":522,"column":2},"end":{"line":522,"column":47}},"49":{"start":{"line":530,"column":2},"end":{"line":530,"column":38}},"50":{"start":{"line":546,"column":2},"end":{"line":546,"column":39}},"51":{"start":{"line":556,"column":2},"end":{"line":556,"column":31}},"52":{"start":{"line":570,"column":2},"end":{"line":570,"column":106}},"53":{"start":{"line":572,"column":2},"end":{"line":572,"column":26}},"54":{"start":{"line":585,"column":2},"end":{"line":585,"column":107}},"55":{"start":{"line":587,"column":2},"end":{"line":587,"column":27}},"56":{"start":{"line":605,"column":2},"end":{"line":605,"column":84}},"57":{"start":{"line":607,"column":2},"end":{"line":607,"column":27}},"58":{"start":{"line":627,"column":2},"end":{"line":627,"column":26}},"59":{"start":{"line":636,"column":2},"end":{"line":636,"column":64}},"60":{"start":{"line":637,"column":2},"end":{"line":637,"column":35}},"61":{"start":{"line":641,"column":2},"end":{"line":641,"column":20045}},"62":{"start":{"line":642,"column":3},"end":{"line":642,"column":48}},"63":{"start":{"line":647,"column":2},"end":{"line":647,"column":20209}},"64":{"start":{"line":648,"column":3},"end":{"line":648,"column":48}},"65":{"start":{"line":764,"column":2},"end":{"line":764,"column":19}},"66":{"start":{"line":765,"column":2},"end":{"line":765,"column":47}},"67":{"start":{"line":767,"column":2},"end":{"line":767,"column":10}},"68":{"start":{"line":781,"column":2},"end":{"line":781,"column":52}},"69":{"start":{"line":799,"column":2},"end":{"line":799,"column":30}},"70":{"start":{"line":800,"column":2},"end":{"line":800,"column":19}},"71":{"start":{"line":802,"column":2},"end":{"line":802,"column":10}},"72":{"start":{"line":819,"column":2},"end":{"line":819,"column":25156}},"73":{"start":{"line":820,"column":3},"end":{"line":820,"column":11}},"74":{"start":{"line":823,"column":2},"end":{"line":823,"column":19}},"75":{"start":{"line":824,"column":2},"end":{"line":824,"column":57}},"76":{"start":{"line":826,"column":2},"end":{"line":826,"column":10}},"77":{"start":{"line":842,"column":2},"end":{"line":842,"column":48}},"78":{"start":{"line":862,"column":2},"end":{"line":862,"column":29}},"79":{"start":{"line":863,"column":2},"end":{"line":863,"column":19}},"80":{"start":{"line":866,"column":2},"end":{"line":866,"column":10}},"81":{"start":{"line":882,"column":2},"end":{"line":882,"column":46}},"82":{"start":{"line":902,"column":2},"end":{"line":902,"column":30}},"83":{"start":{"line":903,"column":2},"end":{"line":903,"column":14}},"84":{"start":{"line":959,"column":2},"end":{"line":959,"column":13}},"85":{"start":{"line":960,"column":2},"end":{"line":960,"column":17}},"86":{"start":{"line":961,"column":2},"end":{"line":961,"column":15}},"87":{"start":{"line":968,"column":2},"end":{"line":968,"column":14}},"88":{"start":{"line":976,"column":2},"end":{"line":976,"column":16}},"89":{"start":{"line":993,"column":2},"end":{"line":993,"column":18}},"90":{"start":{"line":1000,"column":2},"end":{"line":1000,"column":21}},"91":{"start":{"line":1007,"column":2},"end":{"line":1007,"column":27}},"92":{"start":{"line":1019,"column":2},"end":{"line":1019,"column":43}},"93":{"start":{"line":1020,"column":2},"end":{"line":1020,"column":13}},"94":{"start":{"line":1027,"column":2},"end":{"line":1027,"column":36}},"95":{"start":{"line":1038,"column":2},"end":{"line":1038,"column":40}},"96":{"start":{"line":1039,"column":2},"end":{"line":1039,"column":13}},"97":{"start":{"line":1059,"column":2},"end":{"line":1059,"column":37}},"98":{"start":{"line":1060,"column":2},"end":{"line":1060,"column":32236}},"99":{"start":{"line":1065,"column":2},"end":{"line":1065,"column":13}},"100":{"start":{"line":1081,"column":2},"end":{"line":1081,"column":84}},"101":{"start":{"line":1082,"column":2},"end":{"line":1082,"column":13}},"102":{"start":{"line":1100,"column":2},"end":{"line":1100,"column":33490}},"103":{"start":{"line":1105,"column":2},"end":{"line":1105,"column":13}},"104":{"start":{"line":1127,"column":2},"end":{"line":1127,"column":71}},"105":{"start":{"line":1128,"column":2},"end":{"line":1128,"column":72}},"106":{"start":{"line":1130,"column":2},"end":{"line":1130,"column":48}},"107":{"start":{"line":1132,"column":2},"end":{"line":1132,"column":92}},"108":{"start":{"line":1133,"column":2},"end":{"line":1133,"column":56}},"109":{"start":{"line":1134,"column":2},"end":{"line":1134,"column":42}},"110":{"start":{"line":1147,"column":2},"end":{"line":1147,"column":66}},"111":{"start":{"line":1149,"column":2},"end":{"line":1149,"column":50}},"112":{"start":{"line":1151,"column":2},"end":{"line":1151,"column":40}},"113":{"start":{"line":1152,"column":2},"end":{"line":1152,"column":52}},"114":{"start":{"line":1153,"column":2},"end":{"line":1153,"column":44}},"115":{"start":{"line":1168,"column":2},"end":{"line":1168,"column":68}},"116":{"start":{"line":1170,"column":2},"end":{"line":1170,"column":50}},"117":{"start":{"line":1172,"column":2},"end":{"line":1172,"column":90}},"118":{"start":{"line":1173,"column":2},"end":{"line":1173,"column":40}},"119":{"start":{"line":1174,"column":2},"end":{"line":1174,"column":44}},"120":{"start":{"line":1195,"column":2},"end":{"line":1195,"column":69}},"121":{"start":{"line":1196,"column":2},"end":{"line":1196,"column":69}},"122":{"start":{"line":1198,"column":2},"end":{"line":1198,"column":37}},"123":{"start":{"line":1199,"column":2},"end":{"line":1199,"column":39}},"124":{"start":{"line":1210,"column":2},"end":{"line":1210,"column":22}},"125":{"start":{"line":1250,"column":2},"end":{"line":1250,"column":28}},"126":{"start":{"line":1265,"column":2},"end":{"line":1265,"column":38404}},"127":{"start":{"line":1270,"column":2},"end":{"line":1270,"column":52}},"128":{"start":{"line":1271,"column":2},"end":{"line":1271,"column":23}},"129":{"start":{"line":1305,"column":2},"end":{"line":1305,"column":16}},"130":{"start":{"line":1312,"column":2},"end":{"line":1312,"column":16}},"131":{"start":{"line":1323,"column":2},"end":{"line":1323,"column":38}},"132":{"start":{"line":1335,"column":2},"end":{"line":1335,"column":41}},"133":{"start":{"line":1347,"column":2},"end":{"line":1347,"column":15}},"134":{"start":{"line":1348,"column":2},"end":{"line":1348,"column":27}},"135":{"start":{"line":1359,"column":2},"end":{"line":1359,"column":16}},"136":{"start":{"line":1360,"column":2},"end":{"line":1360,"column":29}},"137":{"start":{"line":1388,"column":2},"end":{"line":1388,"column":45}},"138":{"start":{"line":1390,"column":2},"end":{"line":1390,"column":65}},"139":{"start":{"line":1409,"column":2},"end":{"line":1409,"column":42}},"140":{"start":{"line":1410,"column":2},"end":{"line":1410,"column":11}},"141":{"start":{"line":1417,"column":2},"end":{"line":1417,"column":13}},"142":{"start":{"line":1432,"column":2},"end":{"line":1432,"column":45}},"143":{"start":{"line":1434,"column":2},"end":{"line":1434,"column":42199}},"144":{"start":{"line":1436,"column":3},"end":{"line":1436,"column":73}},"145":{"start":{"line":1461,"column":2},"end":{"line":1461,"column":43}},"146":{"start":{"line":1463,"column":2},"end":{"line":1463,"column":33}},"147":{"start":{"line":1464,"column":2},"end":{"line":1464,"column":33}},"148":{"start":{"line":1465,"column":2},"end":{"line":1465,"column":25}},"149":{"start":{"line":1477,"column":2},"end":{"line":1477,"column":18}},"150":{"start":{"line":1488,"column":2},"end":{"line":1488,"column":87}},"151":{"start":{"line":1489,"column":2},"end":{"line":1489,"column":9}},"152":{"start":{"line":1500,"column":2},"end":{"line":1500,"column":89}},"153":{"start":{"line":1501,"column":2},"end":{"line":1501,"column":11}},"154":{"start":{"line":1509,"column":2},"end":{"line":1509,"column":45}}},"branchMap":{"1":{"line":62,"type":"if","locations":[{"start":{"line":62,"column":2},"end":{"line":62,"column":2}},{"start":{"line":62,"column":2},"end":{"line":62,"column":2}}]},"2":{"line":83,"type":"if","locations":[{"start":{"line":83,"column":2},"end":{"line":83,"column":2}},{"start":{"line":83,"column":2},"end":{"line":83,"column":2}}]},"3":{"line":139,"type":"if","locations":[{"start":{"line":139,"column":2},"end":{"line":139,"column":2}},{"start":{"line":139,"column":2},"end":{"line":139,"column":2}}]},"4":{"line":307,"type":"if","locations":[{"start":{"line":307,"column":2},"end":{"line":307,"column":2}},{"start":{"line":307,"column":2},"end":{"line":307,"column":2}}]},"5":{"line":311,"type":"if","locations":[{"start":{"line":311,"column":2},"end":{"line":311,"column":2}},{"start":{"line":311,"column":2},"end":{"line":311,"column":2}}]},"6":{"line":381,"type":"if","locations":[{"start":{"line":381,"column":2},"end":{"line":381,"column":2}},{"start":{"line":381,"column":2},"end":{"line":381,"column":2}}]},"7":{"line":391,"type":"if","locations":[{"start":{"line":391,"column":2},"end":{"line":391,"column":2}},{"start":{"line":391,"column":2},"end":{"line":391,"column":2}}]},"8":{"line":395,"type":"if","locations":[{"start":{"line":395,"column":2},"end":{"line":395,"column":2}},{"start":{"line":395,"column":2},"end":{"line":395,"column":2}}]},"9":{"line":399,"type":"if","locations":[{"start":{"line":399,"column":3},"end":{"line":399,"column":3}},{"start":{"line":399,"column":3},"end":{"line":399,"column":3}}]},"10":{"line":570,"type":"if","locations":[{"start":{"line":570,"column":2},"end":{"line":570,"column":2}},{"start":{"line":570,"column":2},"end":{"line":570,"column":2}}]},"11":{"line":585,"type":"if","locations":[{"start":{"line":585,"column":2},"end":{"line":585,"column":2}},{"start":{"line":585,"column":2},"end":{"line":585,"column":2}}]},"12":{"line":605,"type":"if","locations":[{"start":{"line":605,"column":2},"end":{"line":605,"column":2}},{"start":{"line":605,"column":2},"end":{"line":605,"column":2}}]},"13":{"line":641,"type":"if","locations":[{"start":{"line":641,"column":2},"end":{"line":641,"column":2}},{"start":{"line":641,"column":2},"end":{"line":641,"column":2}}]},"14":{"line":647,"type":"if","locations":[{"start":{"line":647,"column":2},"end":{"line":647,"column":2}},{"start":{"line":647,"column":2},"end":{"line":647,"column":2}}]},"15":{"line":765,"type":"if","locations":[{"start":{"line":765,"column":2},"end":{"line":765,"column":2}},{"start":{"line":765,"column":2},"end":{"line":765,"column":2}}]},"16":{"line":799,"type":"if","locations":[{"start":{"line":799,"column":2},"end":{"line":799,"column":2}},{"start":{"line":799,"column":2},"end":{"line":799,"column":2}}]},"17":{"line":819,"type":"if","locations":[{"start":{"line":819,"column":2},"end":{"line":819,"column":2}},{"start":{"line":819,"column":2},"end":{"line":819,"column":2}}]},"18":{"line":824,"type":"if","locations":[{"start":{"line":824,"column":2},"end":{"line":824,"column":2}},{"start":{"line":824,"column":2},"end":{"line":824,"column":2}}]},"19":{"line":862,"type":"if","locations":[{"start":{"line":862,"column":2},"end":{"line":862,"column":2}},{"start":{"line":862,"column":2},"end":{"line":862,"column":2}}]},"20":{"line":902,"type":"if","locations":[{"start":{"line":902,"column":2},"end":{"line":902,"column":2}},{"start":{"line":902,"column":2},"end":{"line":902,"column":2}}]},"21":{"line":1127,"type":"if","locations":[{"start":{"line":1127,"column":2},"end":{"line":1127,"column":2}},{"start":{"line":1127,"column":2},"end":{"line":1127,"column":2}}]},"22":{"line":1128,"type":"if","locations":[{"start":{"line":1128,"column":2},"end":{"line":1128,"column":2}},{"start":{"line":1128,"column":2},"end":{"line":1128,"column":2}}]},"23":{"line":1147,"type":"if","locations":[{"start":{"line":1147,"column":2},"end":{"line":1147,"column":2}},{"start":{"line":1147,"column":2},"end":{"line":1147,"column":2}}]},"24":{"line":1168,"type":"if","locations":[{"start":{"line":1168,"column":2},"end":{"line":1168,"column":2}},{"start":{"line":1168,"column":2},"end":{"line":1168,"column":2}}]},"25":{"line":1195,"type":"if","locations":[{"start":{"line":1195,"column":2},"end":{"line":1195,"column":2}},{"start":{"line":1195,"column":2},"end":{"line":1195,"column":2}}]},"26":{"line":1196,"type":"if","locations":[{"start":{"line":1196,"column":2},"end":{"line":1196,"column":2}},{"start":{"line":1196,"column":2},"end":{"line":1196,"column":2}}]},"27":{"line":1323,"type":"if","locations":[{"start":{"line":1323,"column":2},"end":{"line":1323,"column":2}},{"start":{"line":1323,"column":2},"end":{"line":1323,"column":2}}]},"28":{"line":1335,"type":"if","locations":[{"start":{"line":1335,"column":2},"end":{"line":1335,"column":2}},{"start":{"line":1335,"column":2},"end":{"line":1335,"column":2}}]},"29":{"line":1390,"type":"if","locations":[{"start":{"line":1390,"column":2},"end":{"line":1390,"column":2}},{"start":{"line":1390,"column":2},"end":{"line":1390,"column":2}}]},"30":{"line":1409,"type":"if","locations":[{"start":{"line":1409,"column":2},"end":{"line":1409,"column":2}},{"start":{"line":1409,"column":2},"end":{"line":1409,"column":2}}]},"31":{"line":1434,"type":"if","locations":[{"start":{"line":1434,"column":2},"end":{"line":1434,"column":2}},{"start":{"line":1434,"column":2},"end":{"line":1434,"column":2}}]},"32":{"line":1436,"type":"if","locations":[{"start":{"line":1436,"column":3},"end":{"line":1436,"column":3}},{"start":{"line":1436,"column":3},"end":{"line":1436,"column":3}}]},"33":{"line":1488,"type":"if","locations":[{"start":{"line":1488,"column":2},"end":{"line":1488,"column":2}},{"start":{"line":1488,"column":2},"end":{"line":1488,"column":2}}]},"34":{"line":1500,"type":"if","locations":[{"start":{"line":1500,"column":2},"end":{"line":1500,"column":2}},{"start":{"line":1500,"column":2},"end":{"line":1500,"column":2}}]}}}}